{"/Users/adrianteoh/git/SEPT/insertteamnamehere/frontend/todo-app/src/App.js": {"path":"/Users/adrianteoh/git/SEPT/insertteamnamehere/frontend/todo-app/src/App.js","statementMap":{"0":{"start":{"line":14,"column":4},"end":{"line":19,"column":6}}},"fnMap":{"0":{"name":"(anonymous_0)","decl":{"start":{"line":12,"column":2},"end":{"line":12,"column":3}},"loc":{"start":{"line":13,"column":2},"end":{"line":20,"column":3}},"line":13}},"branchMap":{},"s":{"0":1},"f":{"0":1},"b":{},"_coverageSchema":"332fd63041d2c1bcb487cc26dd0d5f7d97098a6c","hash":"492a83045432a79438cfebc3e050325665751e21"}
,"/Users/adrianteoh/git/SEPT/insertteamnamehere/frontend/todo-app/src/Constants.js": {"path":"/Users/adrianteoh/git/SEPT/insertteamnamehere/frontend/todo-app/src/Constants.js","statementMap":{"0":{"start":{"line":1,"column":23},"end":{"line":1,"column":46}},"1":{"start":{"line":2,"column":27},"end":{"line":2,"column":54}}},"fnMap":{},"branchMap":{},"s":{"0":4,"1":4},"f":{},"b":{},"_coverageSchema":"332fd63041d2c1bcb487cc26dd0d5f7d97098a6c","hash":"bf2258b496eeac15d70ad669c91ee90e06ad4237"}
,"/Users/adrianteoh/git/SEPT/insertteamnamehere/frontend/todo-app/src/index.js": {"path":"/Users/adrianteoh/git/SEPT/insertteamnamehere/frontend/todo-app/src/index.js","statementMap":{"0":{"start":{"line":7,"column":0},"end":{"line":7,"column":58}},"1":{"start":{"line":12,"column":0},"end":{"line":12,"column":27}}},"fnMap":{},"branchMap":{},"s":{"0":1,"1":1},"f":{},"b":{},"_coverageSchema":"332fd63041d2c1bcb487cc26dd0d5f7d97098a6c","hash":"83af9cb47179f48d2d5d6fba8eb37b19c7a98d18"}
,"/Users/adrianteoh/git/SEPT/insertteamnamehere/frontend/todo-app/src/serviceWorker.js": {"path":"/Users/adrianteoh/git/SEPT/insertteamnamehere/frontend/todo-app/src/serviceWorker.js","statementMap":{"0":{"start":{"line":13,"column":20},"end":{"line":21,"column":1}},"1":{"start":{"line":24,"column":2},"end":{"line":54,"column":3}},"2":{"start":{"line":26,"column":22},"end":{"line":26,"column":75}},"3":{"start":{"line":27,"column":4},"end":{"line":32,"column":5}},"4":{"start":{"line":31,"column":6},"end":{"line":31,"column":13}},"5":{"start":{"line":34,"column":4},"end":{"line":53,"column":7}},"6":{"start":{"line":35,"column":20},"end":{"line":35,"column":65}},"7":{"start":{"line":37,"column":6},"end":{"line":52,"column":7}},"8":{"start":{"line":39,"column":8},"end":{"line":39,"column":47}},"9":{"start":{"line":43,"column":8},"end":{"line":48,"column":11}},"10":{"start":{"line":44,"column":10},"end":{"line":47,"column":12}},"11":{"start":{"line":51,"column":8},"end":{"line":51,"column":39}},"12":{"start":{"line":58,"column":2},"end":{"line":98,"column":7}},"13":{"start":{"line":61,"column":6},"end":{"line":94,"column":8}},"14":{"start":{"line":62,"column":33},"end":{"line":62,"column":56}},"15":{"start":{"line":63,"column":8},"end":{"line":65,"column":9}},"16":{"start":{"line":64,"column":10},"end":{"line":64,"column":17}},"17":{"start":{"line":66,"column":8},"end":{"line":93,"column":10}},"18":{"start":{"line":67,"column":10},"end":{"line":92,"column":11}},"19":{"start":{"line":68,"column":12},"end":{"line":91,"column":13}},"20":{"start":{"line":72,"column":14},"end":{"line":75,"column":16}},"21":{"start":{"line":78,"column":14},"end":{"line":80,"column":15}},"22":{"start":{"line":79,"column":16},"end":{"line":79,"column":46}},"23":{"start":{"line":85,"column":14},"end":{"line":85,"column":64}},"24":{"start":{"line":88,"column":14},"end":{"line":90,"column":15}},"25":{"start":{"line":89,"column":16},"end":{"line":89,"column":47}},"26":{"start":{"line":97,"column":6},"end":{"line":97,"column":72}},"27":{"start":{"line":103,"column":2},"end":{"line":126,"column":7}},"28":{"start":{"line":106,"column":26},"end":{"line":106,"column":62}},"29":{"start":{"line":107,"column":6},"end":{"line":120,"column":7}},"30":{"start":{"line":112,"column":8},"end":{"line":116,"column":11}},"31":{"start":{"line":113,"column":10},"end":{"line":115,"column":13}},"32":{"start":{"line":114,"column":12},"end":{"line":114,"column":37}},"33":{"start":{"line":119,"column":8},"end":{"line":119,"column":39}},"34":{"start":{"line":123,"column":6},"end":{"line":125,"column":8}},"35":{"start":{"line":130,"column":2},"end":{"line":134,"column":3}},"36":{"start":{"line":131,"column":4},"end":{"line":133,"column":7}},"37":{"start":{"line":132,"column":6},"end":{"line":132,"column":32}}},"fnMap":{"0":{"name":"register","decl":{"start":{"line":23,"column":16},"end":{"line":23,"column":24}},"loc":{"start":{"line":23,"column":33},"end":{"line":55,"column":1}},"line":23},"1":{"name":"(anonymous_1)","decl":{"start":{"line":34,"column":36},"end":{"line":34,"column":37}},"loc":{"start":{"line":34,"column":42},"end":{"line":53,"column":5}},"line":34},"2":{"name":"(anonymous_2)","decl":{"start":{"line":43,"column":43},"end":{"line":43,"column":44}},"loc":{"start":{"line":43,"column":49},"end":{"line":48,"column":9}},"line":43},"3":{"name":"registerValidSW","decl":{"start":{"line":57,"column":9},"end":{"line":57,"column":24}},"loc":{"start":{"line":57,"column":40},"end":{"line":99,"column":1}},"line":57},"4":{"name":"(anonymous_4)","decl":{"start":{"line":60,"column":10},"end":{"line":60,"column":11}},"loc":{"start":{"line":60,"column":26},"end":{"line":95,"column":5}},"line":60},"5":{"name":"(anonymous_5)","decl":{"start":{"line":61,"column":35},"end":{"line":61,"column":36}},"loc":{"start":{"line":61,"column":41},"end":{"line":94,"column":7}},"line":61},"6":{"name":"(anonymous_6)","decl":{"start":{"line":66,"column":41},"end":{"line":66,"column":42}},"loc":{"start":{"line":66,"column":47},"end":{"line":93,"column":9}},"line":66},"7":{"name":"(anonymous_7)","decl":{"start":{"line":96,"column":11},"end":{"line":96,"column":12}},"loc":{"start":{"line":96,"column":20},"end":{"line":98,"column":5}},"line":96},"8":{"name":"checkValidServiceWorker","decl":{"start":{"line":101,"column":9},"end":{"line":101,"column":32}},"loc":{"start":{"line":101,"column":48},"end":{"line":127,"column":1}},"line":101},"9":{"name":"(anonymous_9)","decl":{"start":{"line":104,"column":10},"end":{"line":104,"column":11}},"loc":{"start":{"line":104,"column":22},"end":{"line":121,"column":5}},"line":104},"10":{"name":"(anonymous_10)","decl":{"start":{"line":112,"column":43},"end":{"line":112,"column":44}},"loc":{"start":{"line":112,"column":59},"end":{"line":116,"column":9}},"line":112},"11":{"name":"(anonymous_11)","decl":{"start":{"line":113,"column":41},"end":{"line":113,"column":42}},"loc":{"start":{"line":113,"column":47},"end":{"line":115,"column":11}},"line":113},"12":{"name":"(anonymous_12)","decl":{"start":{"line":122,"column":11},"end":{"line":122,"column":12}},"loc":{"start":{"line":122,"column":17},"end":{"line":126,"column":5}},"line":122},"13":{"name":"unregister","decl":{"start":{"line":129,"column":16},"end":{"line":129,"column":26}},"loc":{"start":{"line":129,"column":29},"end":{"line":135,"column":1}},"line":129},"14":{"name":"(anonymous_14)","decl":{"start":{"line":131,"column":39},"end":{"line":131,"column":40}},"loc":{"start":{"line":131,"column":55},"end":{"line":133,"column":5}},"line":131}},"branchMap":{"0":{"loc":{"start":{"line":14,"column":2},"end":{"line":20,"column":5}},"type":"binary-expr","locations":[{"start":{"line":14,"column":2},"end":{"line":14,"column":42}},{"start":{"line":16,"column":4},"end":{"line":16,"column":40}},{"start":{"line":18,"column":4},"end":{"line":20,"column":5}}],"line":14},"1":{"loc":{"start":{"line":24,"column":2},"end":{"line":54,"column":3}},"type":"if","locations":[{"start":{"line":24,"column":2},"end":{"line":54,"column":3}},{"start":{"line":24,"column":2},"end":{"line":54,"column":3}}],"line":24},"2":{"loc":{"start":{"line":24,"column":6},"end":{"line":24,"column":75}},"type":"binary-expr","locations":[{"start":{"line":24,"column":6},"end":{"line":24,"column":43}},{"start":{"line":24,"column":47},"end":{"line":24,"column":75}}],"line":24},"3":{"loc":{"start":{"line":27,"column":4},"end":{"line":32,"column":5}},"type":"if","locations":[{"start":{"line":27,"column":4},"end":{"line":32,"column":5}},{"start":{"line":27,"column":4},"end":{"line":32,"column":5}}],"line":27},"4":{"loc":{"start":{"line":37,"column":6},"end":{"line":52,"column":7}},"type":"if","locations":[{"start":{"line":37,"column":6},"end":{"line":52,"column":7}},{"start":{"line":37,"column":6},"end":{"line":52,"column":7}}],"line":37},"5":{"loc":{"start":{"line":63,"column":8},"end":{"line":65,"column":9}},"type":"if","locations":[{"start":{"line":63,"column":8},"end":{"line":65,"column":9}},{"start":{"line":63,"column":8},"end":{"line":65,"column":9}}],"line":63},"6":{"loc":{"start":{"line":67,"column":10},"end":{"line":92,"column":11}},"type":"if","locations":[{"start":{"line":67,"column":10},"end":{"line":92,"column":11}},{"start":{"line":67,"column":10},"end":{"line":92,"column":11}}],"line":67},"7":{"loc":{"start":{"line":68,"column":12},"end":{"line":91,"column":13}},"type":"if","locations":[{"start":{"line":68,"column":12},"end":{"line":91,"column":13}},{"start":{"line":68,"column":12},"end":{"line":91,"column":13}}],"line":68},"8":{"loc":{"start":{"line":78,"column":14},"end":{"line":80,"column":15}},"type":"if","locations":[{"start":{"line":78,"column":14},"end":{"line":80,"column":15}},{"start":{"line":78,"column":14},"end":{"line":80,"column":15}}],"line":78},"9":{"loc":{"start":{"line":78,"column":18},"end":{"line":78,"column":43}},"type":"binary-expr","locations":[{"start":{"line":78,"column":18},"end":{"line":78,"column":24}},{"start":{"line":78,"column":28},"end":{"line":78,"column":43}}],"line":78},"10":{"loc":{"start":{"line":88,"column":14},"end":{"line":90,"column":15}},"type":"if","locations":[{"start":{"line":88,"column":14},"end":{"line":90,"column":15}},{"start":{"line":88,"column":14},"end":{"line":90,"column":15}}],"line":88},"11":{"loc":{"start":{"line":88,"column":18},"end":{"line":88,"column":44}},"type":"binary-expr","locations":[{"start":{"line":88,"column":18},"end":{"line":88,"column":24}},{"start":{"line":88,"column":28},"end":{"line":88,"column":44}}],"line":88},"12":{"loc":{"start":{"line":107,"column":6},"end":{"line":120,"column":7}},"type":"if","locations":[{"start":{"line":107,"column":6},"end":{"line":120,"column":7}},{"start":{"line":107,"column":6},"end":{"line":120,"column":7}}],"line":107},"13":{"loc":{"start":{"line":108,"column":8},"end":{"line":109,"column":73}},"type":"binary-expr","locations":[{"start":{"line":108,"column":8},"end":{"line":108,"column":31}},{"start":{"line":109,"column":9},"end":{"line":109,"column":28}},{"start":{"line":109,"column":32},"end":{"line":109,"column":72}}],"line":108},"14":{"loc":{"start":{"line":130,"column":2},"end":{"line":134,"column":3}},"type":"if","locations":[{"start":{"line":130,"column":2},"end":{"line":134,"column":3}},{"start":{"line":130,"column":2},"end":{"line":134,"column":3}}],"line":130}},"s":{"0":1,"1":0,"2":0,"3":0,"4":0,"5":0,"6":0,"7":0,"8":0,"9":0,"10":0,"11":0,"12":0,"13":0,"14":0,"15":0,"16":0,"17":0,"18":0,"19":0,"20":0,"21":0,"22":0,"23":0,"24":0,"25":0,"26":0,"27":0,"28":0,"29":0,"30":0,"31":0,"32":0,"33":0,"34":0,"35":1,"36":0,"37":0},"f":{"0":0,"1":0,"2":0,"3":0,"4":0,"5":0,"6":0,"7":0,"8":0,"9":0,"10":0,"11":0,"12":0,"13":1,"14":0},"b":{"0":[1,0,0],"1":[0,0],"2":[0,0],"3":[0,0],"4":[0,0],"5":[0,0],"6":[0,0],"7":[0,0],"8":[0,0],"9":[0,0],"10":[0,0],"11":[0,0],"12":[0,0],"13":[0,0,0],"14":[0,1]},"_coverageSchema":"332fd63041d2c1bcb487cc26dd0d5f7d97098a6c","hash":"eee6e49a1e311b5d722b7d8211ae3c9d61ac40e5"}
,"/Users/adrianteoh/git/SEPT/insertteamnamehere/frontend/todo-app/src/setupTests.js": {"path":"/Users/adrianteoh/git/SEPT/insertteamnamehere/frontend/todo-app/src/setupTests.js","statementMap":{"0":{"start":{"line":4,"column":0},"end":{"line":4,"column":38}}},"fnMap":{},"branchMap":{},"s":{"0":7},"f":{},"b":{},"_coverageSchema":"332fd63041d2c1bcb487cc26dd0d5f7d97098a6c","hash":"c722d058b6c21074d08c9bd8a7dda51802d3cd48"}
,"/Users/adrianteoh/git/SEPT/insertteamnamehere/frontend/todo-app/src/api/todo/EventDataService.js": {"path":"/Users/adrianteoh/git/SEPT/insertteamnamehere/frontend/todo-app/src/api/todo/EventDataService.js","statementMap":{"0":{"start":{"line":8,"column":8},"end":{"line":8,"column":72}},"1":{"start":{"line":13,"column":8},"end":{"line":13,"column":78}},"2":{"start":{"line":18,"column":8},"end":{"line":18,"column":81}},"3":{"start":{"line":23,"column":8},"end":{"line":23,"column":85}},"4":{"start":{"line":28,"column":8},"end":{"line":28,"column":81}}},"fnMap":{"0":{"name":"(anonymous_0)","decl":{"start":{"line":6,"column":4},"end":{"line":6,"column":5}},"loc":{"start":{"line":7,"column":4},"end":{"line":9,"column":5}},"line":7},"1":{"name":"(anonymous_1)","decl":{"start":{"line":11,"column":4},"end":{"line":11,"column":5}},"loc":{"start":{"line":12,"column":4},"end":{"line":14,"column":5}},"line":12},"2":{"name":"(anonymous_2)","decl":{"start":{"line":16,"column":4},"end":{"line":16,"column":5}},"loc":{"start":{"line":17,"column":4},"end":{"line":19,"column":5}},"line":17},"3":{"name":"(anonymous_3)","decl":{"start":{"line":21,"column":4},"end":{"line":21,"column":5}},"loc":{"start":{"line":22,"column":4},"end":{"line":24,"column":5}},"line":22},"4":{"name":"(anonymous_4)","decl":{"start":{"line":26,"column":4},"end":{"line":26,"column":5}},"loc":{"start":{"line":27,"column":4},"end":{"line":29,"column":5}},"line":27}},"branchMap":{},"s":{"0":0,"1":0,"2":0,"3":0,"4":0},"f":{"0":0,"1":0,"2":0,"3":0,"4":0},"b":{},"_coverageSchema":"332fd63041d2c1bcb487cc26dd0d5f7d97098a6c","hash":"acc30416e4007798a5bf5e56cf9030478eaccbb1"}
,"/Users/adrianteoh/git/SEPT/insertteamnamehere/frontend/todo-app/src/api/todo/HelloWorldService.js": {"path":"/Users/adrianteoh/git/SEPT/insertteamnamehere/frontend/todo-app/src/api/todo/HelloWorldService.js","statementMap":{"0":{"start":{"line":7,"column":8},"end":{"line":7,"column":62}},"1":{"start":{"line":12,"column":8},"end":{"line":12,"column":67}},"2":{"start":{"line":22,"column":8},"end":{"line":29,"column":10}}},"fnMap":{"0":{"name":"(anonymous_0)","decl":{"start":{"line":5,"column":4},"end":{"line":5,"column":5}},"loc":{"start":{"line":5,"column":31},"end":{"line":8,"column":5}},"line":5},"1":{"name":"(anonymous_1)","decl":{"start":{"line":10,"column":4},"end":{"line":10,"column":5}},"loc":{"start":{"line":10,"column":35},"end":{"line":13,"column":5}},"line":10},"2":{"name":"(anonymous_2)","decl":{"start":{"line":15,"column":4},"end":{"line":15,"column":5}},"loc":{"start":{"line":15,"column":47},"end":{"line":30,"column":5}},"line":15}},"branchMap":{},"s":{"0":0,"1":0,"2":0},"f":{"0":0,"1":0,"2":0},"b":{},"_coverageSchema":"332fd63041d2c1bcb487cc26dd0d5f7d97098a6c","hash":"c5af8f689324e57239d43059bed7dc63c8fcaa1a"}
,"/Users/adrianteoh/git/SEPT/insertteamnamehere/frontend/todo-app/src/api/todo/ItemDataService.js": {"path":"/Users/adrianteoh/git/SEPT/insertteamnamehere/frontend/todo-app/src/api/todo/ItemDataService.js","statementMap":{"0":{"start":{"line":8,"column":8},"end":{"line":8,"column":61}},"1":{"start":{"line":13,"column":8},"end":{"line":13,"column":69}},"2":{"start":{"line":18,"column":8},"end":{"line":18,"column":75}},"3":{"start":{"line":23,"column":8},"end":{"line":23,"column":78}},"4":{"start":{"line":28,"column":8},"end":{"line":28,"column":81}},"5":{"start":{"line":33,"column":8},"end":{"line":33,"column":77}}},"fnMap":{"0":{"name":"(anonymous_0)","decl":{"start":{"line":6,"column":4},"end":{"line":6,"column":5}},"loc":{"start":{"line":7,"column":4},"end":{"line":9,"column":5}},"line":7},"1":{"name":"(anonymous_1)","decl":{"start":{"line":11,"column":4},"end":{"line":11,"column":5}},"loc":{"start":{"line":12,"column":4},"end":{"line":14,"column":5}},"line":12},"2":{"name":"(anonymous_2)","decl":{"start":{"line":16,"column":4},"end":{"line":16,"column":5}},"loc":{"start":{"line":17,"column":4},"end":{"line":19,"column":5}},"line":17},"3":{"name":"(anonymous_3)","decl":{"start":{"line":21,"column":4},"end":{"line":21,"column":5}},"loc":{"start":{"line":22,"column":4},"end":{"line":24,"column":5}},"line":22},"4":{"name":"(anonymous_4)","decl":{"start":{"line":26,"column":4},"end":{"line":26,"column":5}},"loc":{"start":{"line":27,"column":4},"end":{"line":29,"column":5}},"line":27},"5":{"name":"(anonymous_5)","decl":{"start":{"line":31,"column":4},"end":{"line":31,"column":5}},"loc":{"start":{"line":32,"column":4},"end":{"line":34,"column":5}},"line":32}},"branchMap":{},"s":{"0":0,"1":0,"2":0,"3":0,"4":0,"5":0},"f":{"0":0,"1":0,"2":0,"3":0,"4":0,"5":0},"b":{},"_coverageSchema":"332fd63041d2c1bcb487cc26dd0d5f7d97098a6c","hash":"73977eb3533dab4603eda11c74b58ba8aab3bd49"}
,"/Users/adrianteoh/git/SEPT/insertteamnamehere/frontend/todo-app/src/api/todo/TodoDataService.js": {"path":"/Users/adrianteoh/git/SEPT/insertteamnamehere/frontend/todo-app/src/api/todo/TodoDataService.js","statementMap":{"0":{"start":{"line":8,"column":8},"end":{"line":8,"column":63}},"1":{"start":{"line":13,"column":8},"end":{"line":13,"column":69}},"2":{"start":{"line":18,"column":8},"end":{"line":18,"column":72}},"3":{"start":{"line":23,"column":8},"end":{"line":23,"column":75}},"4":{"start":{"line":28,"column":8},"end":{"line":28,"column":71}}},"fnMap":{"0":{"name":"(anonymous_0)","decl":{"start":{"line":6,"column":4},"end":{"line":6,"column":5}},"loc":{"start":{"line":6,"column":27},"end":{"line":9,"column":5}},"line":6},"1":{"name":"(anonymous_1)","decl":{"start":{"line":11,"column":4},"end":{"line":11,"column":5}},"loc":{"start":{"line":11,"column":27},"end":{"line":14,"column":5}},"line":11},"2":{"name":"(anonymous_2)","decl":{"start":{"line":16,"column":4},"end":{"line":16,"column":5}},"loc":{"start":{"line":16,"column":25},"end":{"line":19,"column":5}},"line":16},"3":{"name":"(anonymous_3)","decl":{"start":{"line":21,"column":4},"end":{"line":21,"column":5}},"loc":{"start":{"line":21,"column":31},"end":{"line":24,"column":5}},"line":21},"4":{"name":"(anonymous_4)","decl":{"start":{"line":26,"column":4},"end":{"line":26,"column":5}},"loc":{"start":{"line":26,"column":27},"end":{"line":29,"column":5}},"line":26}},"branchMap":{},"s":{"0":0,"1":0,"2":0,"3":0,"4":0},"f":{"0":0,"1":0,"2":0,"3":0,"4":0},"b":{},"_coverageSchema":"332fd63041d2c1bcb487cc26dd0d5f7d97098a6c","hash":"fe124a498bfc2ef5c99a3bec7a526108007536f4"}
,"/Users/adrianteoh/git/SEPT/insertteamnamehere/frontend/todo-app/src/components/counter/Counter.jsx": {"path":"/Users/adrianteoh/git/SEPT/insertteamnamehere/frontend/todo-app/src/components/counter/Counter.jsx","statementMap":{"0":{"start":{"line":1,"column":0},"end":{"line":null,"column":-1}},"1":{"start":{"line":2,"column":0},"end":{"line":null,"column":-1}},"2":{"start":{"line":3,"column":0},"end":{"line":null,"column":-1}},"3":{"start":{"line":9,"column":8},"end":{"line":7,"column":18}},"4":{"start":{"line":11,"column":8},"end":{"line":null,"column":-1}},"5":{"start":{"line":15,"column":8},"end":{"line":null,"column":-1}},"6":{"start":{"line":16,"column":8},"end":{"line":null,"column":-1}},"7":{"start":{"line":17,"column":8},"end":{"line":null,"column":-1}},"8":{"start":{"line":21,"column":8},"end":{"line":null,"column":-1}},"9":{"start":{"line":33,"column":8},"end":{"line":null,"column":-1}},"10":{"start":{"line":38,"column":8},"end":{"line":null,"column":-1}},"11":{"start":{"line":40,"column":16},"end":{"line":null,"column":-1}},"12":{"start":{"line":47,"column":8},"end":{"line":null,"column":-1}},"13":{"start":{"line":49,"column":16},"end":{"line":null,"column":-1}},"14":{"start":{"line":73,"column":8},"end":{"line":null,"column":-1}},"15":{"start":{"line":75,"column":39},"end":{"line":75,"column":16}},"16":{"start":{"line":76,"column":39},"end":{"line":76,"column":16}},"17":{"start":{"line":102,"column":0},"end":{"line":null,"column":-1}},"18":{"start":{"line":106,"column":0},"end":{"line":null,"column":-1}}},"fnMap":{"0":{"name":"(anonymous_0)","decl":{"start":{"line":7,"column":4},"end":{"line":7,"column":14}},"loc":{"start":{"line":7,"column":18},"end":{"line":18,"column":5}}},"1":{"name":"(anonymous_1)","decl":{"start":{"line":20,"column":4},"end":{"line":20,"column":9}},"loc":{"start":{"line":20,"column":13},"end":{"line":30,"column":5}}},"2":{"name":"(anonymous_2)","decl":{"start":{"line":32,"column":4},"end":{"line":32,"column":8}},"loc":{"start":{"line":32,"column":12},"end":{"line":34,"column":5}}},"3":{"name":"(anonymous_3)","decl":{"start":{"line":36,"column":4},"end":{"line":36,"column":12}},"loc":{"start":{"line":36,"column":18},"end":{"line":43,"column":5}}},"4":{"name":"(anonymous_4)","decl":{"start":{"line":39,"column":13},"end":{"line":39,"column":11}},"loc":{"start":{"line":39,"column":27},"end":{"line":38,"column":8}}},"5":{"name":"(anonymous_5)","decl":{"start":{"line":45,"column":4},"end":{"line":45,"column":12}},"loc":{"start":{"line":45,"column":18},"end":{"line":52,"column":5}}},"6":{"name":"(anonymous_6)","decl":{"start":{"line":48,"column":13},"end":{"line":48,"column":11}},"loc":{"start":{"line":48,"column":27},"end":{"line":47,"column":8}}},"7":{"name":"(anonymous_7)","decl":{"start":{"line":70,"column":4},"end":{"line":70,"column":9}},"loc":{"start":{"line":70,"column":13},"end":{"line":56,"column":38}}},"8":{"name":"(anonymous_8)","decl":{"start":{"line":75,"column":33},"end":{"line":75,"column":38}},"loc":{"start":{"line":75,"column":39},"end":{"line":75,"column":16}}},"9":{"name":"(anonymous_9)","decl":{"start":{"line":76,"column":33},"end":{"line":76,"column":38}},"loc":{"start":{"line":76,"column":39},"end":{"line":76,"column":16}}}},"branchMap":{},"s":{"0":0,"1":0,"2":0,"3":0,"4":0,"5":0,"6":0,"7":0,"8":0,"9":0,"10":0,"11":0,"12":0,"13":0,"14":0,"15":0,"16":0,"17":0,"18":0},"f":{"0":0,"1":0,"2":0,"3":0,"4":0,"5":0,"6":0,"7":0,"8":0,"9":0},"b":{}}
,"/Users/adrianteoh/git/SEPT/insertteamnamehere/frontend/todo-app/src/components/learning-examples/FirstComponent.jsx": {"path":"/Users/adrianteoh/git/SEPT/insertteamnamehere/frontend/todo-app/src/components/learning-examples/FirstComponent.jsx","statementMap":{"0":{"start":{"line":1,"column":0},"end":{"line":null,"column":-1}},"1":{"start":{"line":6,"column":4},"end":{"line":null,"column":-1}}},"fnMap":{"0":{"name":"(anonymous_0)","decl":{"start":{"line":5,"column":2},"end":{"line":5,"column":7}},"loc":{"start":{"line":5,"column":11},"end":{"line":11,"column":3}}}},"branchMap":{},"s":{"0":0,"1":0},"f":{"0":0},"b":{}}
,"/Users/adrianteoh/git/SEPT/insertteamnamehere/frontend/todo-app/src/components/learning-examples/SecondComponent.jsx": {"path":"/Users/adrianteoh/git/SEPT/insertteamnamehere/frontend/todo-app/src/components/learning-examples/SecondComponent.jsx","statementMap":{"0":{"start":{"line":1,"column":0},"end":{"line":null,"column":-1}},"1":{"start":{"line":5,"column":4},"end":{"line":null,"column":-1}}},"fnMap":{"0":{"name":"(anonymous_0)","decl":{"start":{"line":4,"column":2},"end":{"line":4,"column":7}},"loc":{"start":{"line":4,"column":11},"end":{"line":10,"column":3}}}},"branchMap":{},"s":{"0":0,"1":0},"f":{"0":0},"b":{}}
,"/Users/adrianteoh/git/SEPT/insertteamnamehere/frontend/todo-app/src/components/learning-examples/ThirdComponent.jsx": {"path":"/Users/adrianteoh/git/SEPT/insertteamnamehere/frontend/todo-app/src/components/learning-examples/ThirdComponent.jsx","statementMap":{"0":{"start":{"line":1,"column":0},"end":{"line":null,"column":-1}},"1":{"start":{"line":4,"column":2},"end":{"line":null,"column":-1}}},"fnMap":{"0":{"name":"ThirdComponent","decl":{"start":{"line":3,"column":9},"end":{"line":3,"column":0}},"loc":{"start":{"line":3,"column":26},"end":{"line":9,"column":1}}}},"branchMap":{},"s":{"0":0,"1":0},"f":{"0":0},"b":{}}
,"/Users/adrianteoh/git/SEPT/insertteamnamehere/frontend/todo-app/src/components/todo/AddMarketPlaceItemPanel.jsx": {"path":"/Users/adrianteoh/git/SEPT/insertteamnamehere/frontend/todo-app/src/components/todo/AddMarketPlaceItemPanel.jsx","statementMap":{"0":{"start":{"line":14,"column":8},"end":{"line":37,"column":10}}},"fnMap":{"0":{"name":"(anonymous_0)","decl":{"start":{"line":7,"column":4},"end":{"line":7,"column":5}},"loc":{"start":{"line":7,"column":17},"end":{"line":11,"column":5}},"line":7},"1":{"name":"(anonymous_1)","decl":{"start":{"line":13,"column":4},"end":{"line":13,"column":5}},"loc":{"start":{"line":13,"column":13},"end":{"line":38,"column":5}},"line":13}},"branchMap":{},"s":{"0":1},"f":{"0":1,"1":1},"b":{},"_coverageSchema":"332fd63041d2c1bcb487cc26dd0d5f7d97098a6c","hash":"8051f2951d19448a191b0b984a20af40290a07d2"}
,"/Users/adrianteoh/git/SEPT/insertteamnamehere/frontend/todo-app/src/components/todo/AuthenticatedRoute.jsx": {"path":"/Users/adrianteoh/git/SEPT/insertteamnamehere/frontend/todo-app/src/components/todo/AuthenticatedRoute.jsx","statementMap":{"0":{"start":{"line":7,"column":8},"end":{"line":11,"column":9}},"1":{"start":{"line":8,"column":12},"end":{"line":8,"column":44}},"2":{"start":{"line":10,"column":12},"end":{"line":10,"column":43}}},"fnMap":{"0":{"name":"(anonymous_0)","decl":{"start":{"line":6,"column":4},"end":{"line":6,"column":5}},"loc":{"start":{"line":6,"column":13},"end":{"line":13,"column":5}},"line":6}},"branchMap":{"0":{"loc":{"start":{"line":7,"column":8},"end":{"line":11,"column":9}},"type":"if","locations":[{"start":{"line":7,"column":8},"end":{"line":11,"column":9}},{"start":{"line":7,"column":8},"end":{"line":11,"column":9}}],"line":7}},"s":{"0":0,"1":0,"2":0},"f":{"0":0},"b":{"0":[0,0]},"_coverageSchema":"332fd63041d2c1bcb487cc26dd0d5f7d97098a6c","hash":"f4fb1fafac7815ecdbfff91e76f55817146b1484"}
,"/Users/adrianteoh/git/SEPT/insertteamnamehere/frontend/todo-app/src/components/todo/AuthenticationService.js": {"path":"/Users/adrianteoh/git/SEPT/insertteamnamehere/frontend/todo-app/src/components/todo/AuthenticationService.js","statementMap":{"0":{"start":{"line":4,"column":48},"end":{"line":4,"column":67}},"1":{"start":{"line":9,"column":8},"end":{"line":10,"column":90}},"2":{"start":{"line":14,"column":8},"end":{"line":17,"column":10}},"3":{"start":{"line":21,"column":8},"end":{"line":21,"column":64}},"4":{"start":{"line":27,"column":8},"end":{"line":27,"column":74}},"5":{"start":{"line":28,"column":8},"end":{"line":28,"column":82}},"6":{"start":{"line":32,"column":8},"end":{"line":32,"column":74}},"7":{"start":{"line":33,"column":8},"end":{"line":33,"column":63}},"8":{"start":{"line":37,"column":8},"end":{"line":37,"column":32}},"9":{"start":{"line":42,"column":8},"end":{"line":42,"column":68}},"10":{"start":{"line":46,"column":19},"end":{"line":46,"column":75}},"11":{"start":{"line":47,"column":8},"end":{"line":47,"column":39}},"12":{"start":{"line":47,"column":27},"end":{"line":47,"column":39}},"13":{"start":{"line":48,"column":8},"end":{"line":48,"column":19}},"14":{"start":{"line":52,"column":19},"end":{"line":52,"column":75}},"15":{"start":{"line":53,"column":8},"end":{"line":53,"column":36}},"16":{"start":{"line":53,"column":27},"end":{"line":53,"column":36}},"17":{"start":{"line":54,"column":8},"end":{"line":54,"column":19}},"18":{"start":{"line":59,"column":8},"end":{"line":66,"column":9}},"19":{"start":{"line":61,"column":16},"end":{"line":63,"column":17}},"20":{"start":{"line":62,"column":20},"end":{"line":62,"column":56}},"21":{"start":{"line":64,"column":16},"end":{"line":64,"column":29}}},"fnMap":{"0":{"name":"(anonymous_0)","decl":{"start":{"line":8,"column":4},"end":{"line":8,"column":5}},"loc":{"start":{"line":8,"column":58},"end":{"line":11,"column":5}},"line":8},"1":{"name":"(anonymous_1)","decl":{"start":{"line":13,"column":4},"end":{"line":13,"column":5}},"loc":{"start":{"line":13,"column":56},"end":{"line":18,"column":5}},"line":13},"2":{"name":"(anonymous_2)","decl":{"start":{"line":20,"column":4},"end":{"line":20,"column":5}},"loc":{"start":{"line":20,"column":45},"end":{"line":22,"column":5}},"line":20},"3":{"name":"(anonymous_3)","decl":{"start":{"line":24,"column":4},"end":{"line":24,"column":5}},"loc":{"start":{"line":24,"column":48},"end":{"line":29,"column":5}},"line":24},"4":{"name":"(anonymous_4)","decl":{"start":{"line":31,"column":4},"end":{"line":31,"column":5}},"loc":{"start":{"line":31,"column":51},"end":{"line":34,"column":5}},"line":31},"5":{"name":"(anonymous_5)","decl":{"start":{"line":36,"column":4},"end":{"line":36,"column":5}},"loc":{"start":{"line":36,"column":26},"end":{"line":38,"column":5}},"line":36},"6":{"name":"(anonymous_6)","decl":{"start":{"line":41,"column":4},"end":{"line":41,"column":5}},"loc":{"start":{"line":41,"column":13},"end":{"line":43,"column":5}},"line":41},"7":{"name":"(anonymous_7)","decl":{"start":{"line":45,"column":4},"end":{"line":45,"column":5}},"loc":{"start":{"line":45,"column":21},"end":{"line":49,"column":5}},"line":45},"8":{"name":"(anonymous_8)","decl":{"start":{"line":51,"column":4},"end":{"line":51,"column":5}},"loc":{"start":{"line":51,"column":26},"end":{"line":55,"column":5}},"line":51},"9":{"name":"(anonymous_9)","decl":{"start":{"line":57,"column":4},"end":{"line":57,"column":5}},"loc":{"start":{"line":57,"column":34},"end":{"line":67,"column":5}},"line":57},"10":{"name":"(anonymous_10)","decl":{"start":{"line":60,"column":12},"end":{"line":60,"column":13}},"loc":{"start":{"line":60,"column":24},"end":{"line":65,"column":13}},"line":60}},"branchMap":{"0":{"loc":{"start":{"line":47,"column":8},"end":{"line":47,"column":39}},"type":"if","locations":[{"start":{"line":47,"column":8},"end":{"line":47,"column":39}},{"start":{"line":47,"column":8},"end":{"line":47,"column":39}}],"line":47},"1":{"loc":{"start":{"line":53,"column":8},"end":{"line":53,"column":36}},"type":"if","locations":[{"start":{"line":53,"column":8},"end":{"line":53,"column":36}},{"start":{"line":53,"column":8},"end":{"line":53,"column":36}}],"line":53},"2":{"loc":{"start":{"line":61,"column":16},"end":{"line":63,"column":17}},"type":"if","locations":[{"start":{"line":61,"column":16},"end":{"line":63,"column":17}},{"start":{"line":61,"column":16},"end":{"line":63,"column":17}}],"line":61}},"s":{"0":3,"1":0,"2":0,"3":0,"4":0,"5":0,"6":0,"7":0,"8":0,"9":0,"10":1,"11":1,"12":1,"13":0,"14":0,"15":0,"16":0,"17":0,"18":0,"19":0,"20":0,"21":0},"f":{"0":0,"1":0,"2":0,"3":0,"4":0,"5":0,"6":0,"7":1,"8":0,"9":0,"10":0},"b":{"0":[1,0],"1":[0,0],"2":[0,0]},"_coverageSchema":"332fd63041d2c1bcb487cc26dd0d5f7d97098a6c","hash":"8f3b2db19d6f236f6052d18328556708d67d0ba8"}
,"/Users/adrianteoh/git/SEPT/insertteamnamehere/frontend/todo-app/src/components/todo/CalendarComponent copy.jsx": {"path":"/Users/adrianteoh/git/SEPT/insertteamnamehere/frontend/todo-app/src/components/todo/CalendarComponent copy.jsx","statementMap":{"0":{"start":{"line":6,"column":32},"end":{"line":6,"column":0}},"1":{"start":{"line":12,"column":8},"end":{"line":null,"column":-1}},"2":{"start":{"line":14,"column":8},"end":{"line":null,"column":-1}},"3":{"start":{"line":21,"column":8},"end":{"line":null,"column":-1}},"4":{"start":{"line":22,"column":8},"end":{"line":null,"column":-1}},"5":{"start":{"line":23,"column":8},"end":{"line":null,"column":-1}},"6":{"start":{"line":24,"column":8},"end":{"line":null,"column":-1}},"7":{"start":{"line":25,"column":8},"end":{"line":null,"column":-1}},"8":{"start":{"line":27,"column":8},"end":{"line":null,"column":-1}},"9":{"start":{"line":32,"column":33},"end":{"line":32,"column":8}},"10":{"start":{"line":34,"column":8},"end":{"line":null,"column":-1}},"11":{"start":{"line":41,"column":33},"end":{"line":41,"column":8}},"12":{"start":{"line":42,"column":8},"end":{"line":null,"column":-1}},"13":{"start":{"line":49,"column":8},"end":{"line":null,"column":-1}},"14":{"start":{"line":58,"column":33},"end":{"line":58,"column":8}},"15":{"start":{"line":59,"column":8},"end":{"line":null,"column":-1}},"16":{"start":{"line":66,"column":8},"end":{"line":null,"column":-1}},"17":{"start":{"line":75,"column":33},"end":{"line":75,"column":8}},"18":{"start":{"line":76,"column":8},"end":{"line":null,"column":-1}},"19":{"start":{"line":85,"column":35},"end":{"line":85,"column":8}},"20":{"start":{"line":86,"column":8},"end":{"line":null,"column":-1}},"21":{"start":{"line":95,"column":35},"end":{"line":95,"column":8}},"22":{"start":{"line":96,"column":8},"end":{"line":null,"column":-1}},"23":{"start":{"line":105,"column":33},"end":{"line":105,"column":8}},"24":{"start":{"line":106,"column":35},"end":{"line":106,"column":8}},"25":{"start":{"line":107,"column":28},"end":{"line":107,"column":8}},"26":{"start":{"line":109,"column":20},"end":{"line":109,"column":8}},"27":{"start":{"line":110,"column":19},"end":{"line":110,"column":8}},"28":{"start":{"line":111,"column":38},"end":{"line":111,"column":8}},"29":{"start":{"line":116,"column":20},"end":{"line":116,"column":8}},"30":{"start":{"line":117,"column":25},"end":{"line":117,"column":8}},"31":{"start":{"line":119,"column":8},"end":{"line":133,"column":9}},"32":{"start":{"line":121,"column":12},"end":{"line":null,"column":-1}},"33":{"start":{"line":127,"column":35},"end":{"line":122,"column":16}},"34":{"start":{"line":130,"column":12},"end":{"line":null,"column":-1}},"35":{"start":{"line":131,"column":12},"end":{"line":null,"column":-1}},"36":{"start":{"line":132,"column":12},"end":{"line":null,"column":-1}},"37":{"start":{"line":134,"column":8},"end":{"line":null,"column":-1}},"38":{"start":{"line":139,"column":28},"end":{"line":139,"column":8}},"39":{"start":{"line":140,"column":36},"end":{"line":140,"column":8}},"40":{"start":{"line":142,"column":24},"end":{"line":142,"column":8}},"41":{"start":{"line":144,"column":25},"end":{"line":144,"column":8}},"42":{"start":{"line":146,"column":8},"end":{"line":null,"column":-1}},"43":{"start":{"line":149,"column":16},"end":{"line":null,"column":-1}},"44":{"start":{"line":150,"column":16},"end":{"line":null,"column":-1}},"45":{"start":{"line":152,"column":16},"end":{"line":null,"column":-1}},"46":{"start":{"line":153,"column":16},"end":{"line":null,"column":-1}},"47":{"start":{"line":155,"column":31},"end":{"line":155,"column":16}},"48":{"start":{"line":161,"column":16},"end":{"line":null,"column":-1}},"49":{"start":{"line":163,"column":16},"end":{"line":166,"column":17}},"50":{"start":{"line":165,"column":20},"end":{"line":null,"column":-1}},"51":{"start":{"line":168,"column":16},"end":{"line":null,"column":-1}},"52":{"start":{"line":171,"column":16},"end":{"line":null,"column":-1}},"53":{"start":{"line":177,"column":36},"end":{"line":177,"column":8}},"54":{"start":{"line":178,"column":25},"end":{"line":178,"column":8}},"55":{"start":{"line":180,"column":8},"end":{"line":176,"column":4}},"56":{"start":{"line":182,"column":12},"end":{"line":null,"column":-1}},"57":{"start":{"line":185,"column":12},"end":{"line":184,"column":8}},"58":{"start":{"line":187,"column":16},"end":{"line":null,"column":-1}},"59":{"start":{"line":196,"column":28},"end":{"line":196,"column":8}},"60":{"start":{"line":197,"column":36},"end":{"line":197,"column":8}},"61":{"start":{"line":199,"column":8},"end":{"line":214,"column":9}},"62":{"start":{"line":201,"column":24},"end":{"line":201,"column":12}},"63":{"start":{"line":203,"column":12},"end":{"line":209,"column":13}},"64":{"start":{"line":205,"column":16},"end":{"line":null,"column":-1}},"65":{"start":{"line":208,"column":16},"end":{"line":null,"column":-1}},"66":{"start":{"line":211,"column":12},"end":{"line":null,"column":-1}},"67":{"start":{"line":219,"column":28},"end":{"line":219,"column":8}},"68":{"start":{"line":221,"column":24},"end":{"line":221,"column":8}},"69":{"start":{"line":223,"column":21},"end":{"line":223,"column":8}},"70":{"start":{"line":230,"column":21},"end":{"line":230,"column":8}},"71":{"start":{"line":236,"column":21},"end":{"line":236,"column":8}},"72":{"start":{"line":242,"column":21},"end":{"line":242,"column":8}},"73":{"start":{"line":248,"column":21},"end":{"line":248,"column":8}},"74":{"start":{"line":254,"column":21},"end":{"line":254,"column":8}},"75":{"start":{"line":260,"column":21},"end":{"line":260,"column":8}},"76":{"start":{"line":266,"column":21},"end":{"line":266,"column":8}},"77":{"start":{"line":272,"column":21},"end":{"line":272,"column":8}},"78":{"start":{"line":278,"column":22},"end":{"line":278,"column":8}},"79":{"start":{"line":285,"column":8},"end":{"line":null,"column":-1}},"80":{"start":{"line":286,"column":8},"end":{"line":null,"column":-1}},"81":{"start":{"line":287,"column":8},"end":{"line":null,"column":-1}},"82":{"start":{"line":288,"column":8},"end":{"line":null,"column":-1}},"83":{"start":{"line":289,"column":8},"end":{"line":null,"column":-1}},"84":{"start":{"line":290,"column":8},"end":{"line":null,"column":-1}},"85":{"start":{"line":291,"column":8},"end":{"line":null,"column":-1}},"86":{"start":{"line":292,"column":8},"end":{"line":null,"column":-1}},"87":{"start":{"line":293,"column":8},"end":{"line":null,"column":-1}},"88":{"start":{"line":294,"column":8},"end":{"line":null,"column":-1}},"89":{"start":{"line":296,"column":8},"end":{"line":299,"column":9}},"90":{"start":{"line":298,"column":12},"end":{"line":null,"column":-1}},"91":{"start":{"line":301,"column":8},"end":{"line":null,"column":-1}},"92":{"start":{"line":308,"column":33},"end":{"line":308,"column":8}},"93":{"start":{"line":309,"column":35},"end":{"line":309,"column":8}},"94":{"start":{"line":310,"column":27},"end":{"line":310,"column":8}},"95":{"start":{"line":312,"column":8},"end":{"line":362,"column":9}},"96":{"start":{"line":314,"column":12},"end":{"line":null,"column":-1}},"97":{"start":{"line":335,"column":42},"end":{"line":331,"column":20}},"98":{"start":{"line":341,"column":12},"end":{"line":null,"column":-1}},"99":{"start":{"line":370,"column":33},"end":{"line":370,"column":8}},"100":{"start":{"line":371,"column":35},"end":{"line":371,"column":8}},"101":{"start":{"line":372,"column":28},"end":{"line":372,"column":8}},"102":{"start":{"line":373,"column":28},"end":{"line":373,"column":8}},"103":{"start":{"line":375,"column":36},"end":{"line":375,"column":8}},"104":{"start":{"line":377,"column":12},"end":{"line":null,"column":-1}},"105":{"start":{"line":381,"column":35},"end":{"line":378,"column":16}},"106":{"start":{"line":411,"column":34},"end":{"line":411,"column":8}},"107":{"start":{"line":413,"column":8},"end":{"line":419,"column":9}},"108":{"start":{"line":415,"column":12},"end":{"line":418,"column":13}},"109":{"start":{"line":417,"column":16},"end":{"line":null,"column":-1}},"110":{"start":{"line":421,"column":8},"end":{"line":null,"column":-1}},"111":{"start":{"line":433,"column":8},"end":{"line":null,"column":-1}},"112":{"start":{"line":451,"column":19},"end":{"line":451,"column":8}},"113":{"start":{"line":452,"column":19},"end":{"line":452,"column":8}},"114":{"start":{"line":453,"column":31},"end":{"line":453,"column":8}},"115":{"start":{"line":454,"column":23},"end":{"line":454,"column":8}},"116":{"start":{"line":455,"column":21},"end":{"line":455,"column":8}},"117":{"start":{"line":456,"column":26},"end":{"line":456,"column":8}},"118":{"start":{"line":458,"column":8},"end":{"line":482,"column":9}},"119":{"start":{"line":460,"column":31},"end":{"line":460,"column":12}},"120":{"start":{"line":462,"column":12},"end":{"line":468,"column":13}},"121":{"start":{"line":464,"column":16},"end":{"line":467,"column":17}},"122":{"start":{"line":466,"column":20},"end":{"line":null,"column":-1}},"123":{"start":{"line":470,"column":22},"end":{"line":470,"column":12}},"124":{"start":{"line":479,"column":12},"end":{"line":null,"column":-1}},"125":{"start":{"line":480,"column":12},"end":{"line":null,"column":-1}},"126":{"start":{"line":481,"column":12},"end":{"line":null,"column":-1}},"127":{"start":{"line":483,"column":8},"end":{"line":null,"column":-1}},"128":{"start":{"line":495,"column":18},"end":{"line":495,"column":8}},"129":{"start":{"line":496,"column":23},"end":{"line":496,"column":8}},"130":{"start":{"line":497,"column":21},"end":{"line":497,"column":8}},"131":{"start":{"line":499,"column":8},"end":{"line":null,"column":-1}},"132":{"start":{"line":508,"column":31},"end":{"line":500,"column":12}},"133":{"start":{"line":516,"column":0},"end":{"line":null,"column":-1}}},"fnMap":{"0":{"name":"(anonymous_0)","decl":{"start":{"line":10,"column":4},"end":{"line":10,"column":14}},"loc":{"start":{"line":11,"column":4},"end":{"line":28,"column":5}}},"1":{"name":"(anonymous_1)","decl":{"start":{"line":30,"column":4},"end":{"line":30,"column":11}},"loc":{"start":{"line":31,"column":4},"end":{"line":37,"column":5}}},"2":{"name":"(anonymous_2)","decl":{"start":{"line":39,"column":4},"end":{"line":39,"column":7}},"loc":{"start":{"line":40,"column":4},"end":{"line":45,"column":5}}},"3":{"name":"(anonymous_3)","decl":{"start":{"line":47,"column":4},"end":{"line":47,"column":9}},"loc":{"start":{"line":48,"column":4},"end":{"line":54,"column":5}}},"4":{"name":"(anonymous_4)","decl":{"start":{"line":56,"column":4},"end":{"line":56,"column":23}},"loc":{"start":{"line":57,"column":4},"end":{"line":62,"column":5}}},"5":{"name":"(anonymous_5)","decl":{"start":{"line":64,"column":4},"end":{"line":64,"column":15}},"loc":{"start":{"line":65,"column":4},"end":{"line":71,"column":5}}},"6":{"name":"(anonymous_6)","decl":{"start":{"line":73,"column":4},"end":{"line":73,"column":19}},"loc":{"start":{"line":74,"column":4},"end":{"line":81,"column":5}}},"7":{"name":"(anonymous_7)","decl":{"start":{"line":83,"column":4},"end":{"line":83,"column":17}},"loc":{"start":{"line":84,"column":4},"end":{"line":91,"column":5}}},"8":{"name":"(anonymous_8)","decl":{"start":{"line":93,"column":4},"end":{"line":93,"column":19}},"loc":{"start":{"line":94,"column":4},"end":{"line":101,"column":5}}},"9":{"name":"(anonymous_9)","decl":{"start":{"line":103,"column":4},"end":{"line":103,"column":14}},"loc":{"start":{"line":104,"column":4},"end":{"line":135,"column":5}}},"10":{"name":"(anonymous_10)","decl":{"start":{"line":127,"column":28},"end":{"line":127,"column":30}},"loc":{"start":{"line":127,"column":35},"end":{"line":122,"column":16}}},"11":{"name":"(anonymous_11)","decl":{"start":{"line":137,"column":4},"end":{"line":137,"column":12}},"loc":{"start":{"line":138,"column":4},"end":{"line":173,"column":5}}},"12":{"name":"(anonymous_12)","decl":{"start":{"line":175,"column":4},"end":{"line":175,"column":11}},"loc":{"start":{"line":176,"column":4},"end":{"line":192,"column":5}}},"13":{"name":"(anonymous_13)","decl":{"start":{"line":194,"column":4},"end":{"line":194,"column":14}},"loc":{"start":{"line":195,"column":4},"end":{"line":215,"column":5}}},"14":{"name":"(anonymous_14)","decl":{"start":{"line":217,"column":4},"end":{"line":217,"column":19}},"loc":{"start":{"line":218,"column":4},"end":{"line":304,"column":5}}},"15":{"name":"(anonymous_15)","decl":{"start":{"line":306,"column":4},"end":{"line":306,"column":9}},"loc":{"start":{"line":307,"column":4},"end":{"line":363,"column":5}}},"16":{"name":"(anonymous_16)","decl":{"start":{"line":335,"column":37},"end":{"line":335,"column":38}},"loc":{"start":{"line":335,"column":42},"end":{"line":331,"column":20}}},"17":{"name":"(anonymous_17)","decl":{"start":{"line":368,"column":4},"end":{"line":368,"column":9}},"loc":{"start":{"line":369,"column":4},"end":{"line":426,"column":5}}},"18":{"name":"(anonymous_18)","decl":{"start":{"line":375,"column":52},"end":{"line":375,"column":53}},"loc":{"start":{"line":376,"column":8},"end":{"line":375,"column":36}}},"19":{"name":"(anonymous_19)","decl":{"start":{"line":381,"column":29},"end":{"line":381,"column":34}},"loc":{"start":{"line":381,"column":35},"end":{"line":378,"column":16}}},"20":{"name":"(anonymous_20)","decl":{"start":{"line":431,"column":4},"end":{"line":431,"column":9}},"loc":{"start":{"line":432,"column":4},"end":{"line":444,"column":5}}},"21":{"name":"(anonymous_21)","decl":{"start":{"line":449,"column":4},"end":{"line":449,"column":9}},"loc":{"start":{"line":450,"column":4},"end":{"line":488,"column":5}}},"22":{"name":"(anonymous_22)","decl":{"start":{"line":493,"column":4},"end":{"line":493,"column":9}},"loc":{"start":{"line":494,"column":4},"end":{"line":513,"column":5}}},"23":{"name":"(anonymous_23)","decl":{"start":{"line":508,"column":25},"end":{"line":508,"column":30}},"loc":{"start":{"line":508,"column":31},"end":{"line":500,"column":12}}}},"branchMap":{"0":{"loc":{"start":{"line":131,"column":19},"end":{"line":131,"column":18}},"type":"binary-expr","locations":[{"start":{"line":131,"column":19},"end":{"line":131,"column":18}},{"start":{"line":131,"column":34},"end":{"line":131,"column":12}}]},"1":{"loc":{"start":{"line":148,"column":12},"end":{"line":150,"column":16}},"type":"switch","locations":[{"start":{"line":148,"column":12},"end":{"line":150,"column":16}},{"start":{"line":151,"column":12},"end":{"line":153,"column":16}},{"start":{"line":154,"column":12},"end":{"line":171,"column":16}}]},"2":{"loc":{"start":{"line":180,"column":8},"end":{"line":176,"column":4}},"type":"if","locations":[{"start":{"line":180,"column":8},"end":{"line":176,"column":4}},{"start":{"line":180,"column":8},"end":{"line":176,"column":4}}]},"3":{"loc":{"start":{"line":185,"column":12},"end":{"line":184,"column":8}},"type":"if","locations":[{"start":{"line":185,"column":12},"end":{"line":184,"column":8}},{"start":{"line":185,"column":12},"end":{"line":184,"column":8}}]},"4":{"loc":{"start":{"line":199,"column":8},"end":{"line":214,"column":9}},"type":"if","locations":[{"start":{"line":199,"column":8},"end":{"line":214,"column":9}},{"start":{"line":199,"column":8},"end":{"line":214,"column":9}}]},"5":{"loc":{"start":{"line":203,"column":12},"end":{"line":209,"column":13}},"type":"if","locations":[{"start":{"line":203,"column":12},"end":{"line":209,"column":13}},{"start":{"line":203,"column":12},"end":{"line":209,"column":13}}]},"6":{"loc":{"start":{"line":312,"column":8},"end":{"line":362,"column":9}},"type":"if","locations":[{"start":{"line":312,"column":8},"end":{"line":362,"column":9}},{"start":{"line":312,"column":8},"end":{"line":362,"column":9}}]},"7":{"loc":{"start":{"line":415,"column":12},"end":{"line":418,"column":13}},"type":"if","locations":[{"start":{"line":415,"column":12},"end":{"line":418,"column":13}},{"start":{"line":415,"column":12},"end":{"line":418,"column":13}}]},"8":{"loc":{"start":{"line":464,"column":16},"end":{"line":467,"column":17}},"type":"if","locations":[{"start":{"line":464,"column":16},"end":{"line":467,"column":17}},{"start":{"line":464,"column":16},"end":{"line":467,"column":17}}]},"9":{"loc":{"start":{"line":503,"column":35},"end":{"line":503,"column":21}},"type":"cond-expr","locations":[{"start":{"line":503,"column":35},"end":{"line":503,"column":21}},{"start":{"line":503,"column":46},"end":{"line":502,"column":20}}]},"10":{"loc":{"start":{"line":504,"column":42},"end":{"line":504,"column":21}},"type":"cond-expr","locations":[{"start":{"line":504,"column":42},"end":{"line":504,"column":21}},{"start":{"line":504,"column":47},"end":{"line":502,"column":20}}]},"11":{"loc":{"start":{"line":505,"column":49},"end":{"line":505,"column":21}},"type":"cond-expr","locations":[{"start":{"line":505,"column":49},"end":{"line":505,"column":21}},{"start":{"line":505,"column":63},"end":{"line":502,"column":20}}]},"12":{"loc":{"start":{"line":506,"column":37},"end":{"line":506,"column":21}},"type":"cond-expr","locations":[{"start":{"line":506,"column":37},"end":{"line":506,"column":21}},{"start":{"line":506,"column":53},"end":{"line":502,"column":20}}]}},"s":{"0":0,"1":0,"2":0,"3":0,"4":0,"5":0,"6":0,"7":0,"8":0,"9":0,"10":0,"11":0,"12":0,"13":0,"14":0,"15":0,"16":0,"17":0,"18":0,"19":0,"20":0,"21":0,"22":0,"23":0,"24":0,"25":0,"26":0,"27":0,"28":0,"29":0,"30":0,"31":0,"32":0,"33":0,"34":0,"35":0,"36":0,"37":0,"38":0,"39":0,"40":0,"41":0,"42":0,"43":0,"44":0,"45":0,"46":0,"47":0,"48":0,"49":0,"50":0,"51":0,"52":0,"53":0,"54":0,"55":0,"56":0,"57":0,"58":0,"59":0,"60":0,"61":0,"62":0,"63":0,"64":0,"65":0,"66":0,"67":0,"68":0,"69":0,"70":0,"71":0,"72":0,"73":0,"74":0,"75":0,"76":0,"77":0,"78":0,"79":0,"80":0,"81":0,"82":0,"83":0,"84":0,"85":0,"86":0,"87":0,"88":0,"89":0,"90":0,"91":0,"92":0,"93":0,"94":0,"95":0,"96":0,"97":0,"98":0,"99":0,"100":0,"101":0,"102":0,"103":0,"104":0,"105":0,"106":0,"107":0,"108":0,"109":0,"110":0,"111":0,"112":0,"113":0,"114":0,"115":0,"116":0,"117":0,"118":0,"119":0,"120":0,"121":0,"122":0,"123":0,"124":0,"125":0,"126":0,"127":0,"128":0,"129":0,"130":0,"131":0,"132":0,"133":0},"f":{"0":0,"1":0,"2":0,"3":0,"4":0,"5":0,"6":0,"7":0,"8":0,"9":0,"10":0,"11":0,"12":0,"13":0,"14":0,"15":0,"16":0,"17":0,"18":0,"19":0,"20":0,"21":0,"22":0,"23":0},"b":{"0":[0,0],"1":[0,0,0],"2":[0,0],"3":[0,0],"4":[0,0],"5":[0,0],"6":[0,0],"7":[0,0],"8":[0,0],"9":[0,0],"10":[0,0],"11":[0,0],"12":[0,0]}}
,"/Users/adrianteoh/git/SEPT/insertteamnamehere/frontend/todo-app/src/components/todo/CalendarComponent.jsx": {"path":"/Users/adrianteoh/git/SEPT/insertteamnamehere/frontend/todo-app/src/components/todo/CalendarComponent.jsx","statementMap":{"0":{"start":{"line":24,"column":8},"end":{"line":24,"column":21}},"1":{"start":{"line":29,"column":8},"end":{"line":29,"column":43}},"2":{"start":{"line":34,"column":8},"end":{"line":34,"column":44}},"3":{"start":{"line":35,"column":8},"end":{"line":35,"column":30}},"4":{"start":{"line":36,"column":8},"end":{"line":36,"column":30}},"5":{"start":{"line":37,"column":8},"end":{"line":37,"column":19}},"6":{"start":{"line":42,"column":8},"end":{"line":42,"column":40}},"7":{"start":{"line":43,"column":8},"end":{"line":43,"column":28}},"8":{"start":{"line":44,"column":8},"end":{"line":44,"column":31}},"9":{"start":{"line":49,"column":23},"end":{"line":49,"column":66}},"10":{"start":{"line":50,"column":8},"end":{"line":57,"column":13}},"11":{"start":{"line":55,"column":20},"end":{"line":55,"column":60}},"12":{"start":{"line":67,"column":8},"end":{"line":67,"column":50}},"13":{"start":{"line":71,"column":8},"end":{"line":71,"column":53}},"14":{"start":{"line":75,"column":8},"end":{"line":75,"column":52}},"15":{"start":{"line":79,"column":8},"end":{"line":79,"column":73}},"16":{"start":{"line":80,"column":8},"end":{"line":80,"column":50}},"17":{"start":{"line":84,"column":8},"end":{"line":84,"column":50}},"18":{"start":{"line":89,"column":26},"end":{"line":89,"column":48}},"19":{"start":{"line":90,"column":23},"end":{"line":90,"column":71}},"20":{"start":{"line":91,"column":8},"end":{"line":91,"column":24}},"21":{"start":{"line":96,"column":22},"end":{"line":96,"column":48}},"22":{"start":{"line":97,"column":26},"end":{"line":97,"column":67}},"23":{"start":{"line":98,"column":8},"end":{"line":98,"column":64}},"24":{"start":{"line":99,"column":8},"end":{"line":101,"column":11}},"25":{"start":{"line":106,"column":26},"end":{"line":106,"column":67}},"26":{"start":{"line":107,"column":8},"end":{"line":107,"column":58}},"27":{"start":{"line":108,"column":8},"end":{"line":110,"column":11}},"28":{"start":{"line":111,"column":8},"end":{"line":111,"column":59}},"29":{"start":{"line":116,"column":26},"end":{"line":116,"column":67}},"30":{"start":{"line":117,"column":8},"end":{"line":117,"column":63}},"31":{"start":{"line":118,"column":8},"end":{"line":120,"column":11}},"32":{"start":{"line":121,"column":8},"end":{"line":121,"column":59}},"33":{"start":{"line":126,"column":8},"end":{"line":126,"column":28}},"34":{"start":{"line":127,"column":8},"end":{"line":127,"column":63}},"35":{"start":{"line":132,"column":20},"end":{"line":141,"column":10}},"36":{"start":{"line":134,"column":12},"end":{"line":140,"column":14}},"37":{"start":{"line":136,"column":50},"end":{"line":136,"column":78}},"38":{"start":{"line":143,"column":8},"end":{"line":147,"column":10}},"39":{"start":{"line":152,"column":8},"end":{"line":154,"column":11}},"40":{"start":{"line":159,"column":8},"end":{"line":167,"column":10}},"41":{"start":{"line":161,"column":34},"end":{"line":161,"column":69}},"42":{"start":{"line":172,"column":8},"end":{"line":174,"column":11}},"43":{"start":{"line":179,"column":26},"end":{"line":179,"column":67}},"44":{"start":{"line":180,"column":8},"end":{"line":180,"column":60}},"45":{"start":{"line":181,"column":8},"end":{"line":183,"column":10}},"46":{"start":{"line":187,"column":8},"end":{"line":187,"column":37}},"47":{"start":{"line":188,"column":8},"end":{"line":188,"column":78}},"48":{"start":{"line":193,"column":8},"end":{"line":199,"column":9}},"49":{"start":{"line":195,"column":12},"end":{"line":195,"column":41}},"50":{"start":{"line":196,"column":12},"end":{"line":198,"column":14}},"51":{"start":{"line":204,"column":8},"end":{"line":220,"column":10}},"52":{"start":{"line":209,"column":42},"end":{"line":209,"column":68}},"53":{"start":{"line":210,"column":36},"end":{"line":210,"column":55}},"54":{"start":{"line":211,"column":37},"end":{"line":211,"column":57}},"55":{"start":{"line":217,"column":44},"end":{"line":217,"column":65}},"56":{"start":{"line":225,"column":8},"end":{"line":230,"column":11}},"57":{"start":{"line":229,"column":12},"end":{"line":229,"column":61}},"58":{"start":{"line":232,"column":8},"end":{"line":232,"column":63}},"59":{"start":{"line":238,"column":23},"end":{"line":243,"column":10}},"60":{"start":{"line":240,"column":12},"end":{"line":242,"column":13}},"61":{"start":{"line":245,"column":21},"end":{"line":245,"column":23}},"62":{"start":{"line":246,"column":8},"end":{"line":252,"column":9}},"63":{"start":{"line":248,"column":12},"end":{"line":251,"column":14}},"64":{"start":{"line":254,"column":8},"end":{"line":254,"column":40}},"65":{"start":{"line":256,"column":26},"end":{"line":256,"column":28}},"66":{"start":{"line":257,"column":23},"end":{"line":257,"column":31}},"67":{"start":{"line":258,"column":8},"end":{"line":278,"column":9}},"68":{"start":{"line":260,"column":12},"end":{"line":263,"column":13}},"69":{"start":{"line":262,"column":20},"end":{"line":262,"column":63}},"70":{"start":{"line":264,"column":29},"end":{"line":264,"column":79}},"71":{"start":{"line":265,"column":30},"end":{"line":265,"column":67}},"72":{"start":{"line":266,"column":12},"end":{"line":277,"column":14}},"73":{"start":{"line":269,"column":57},"end":{"line":269,"column":78}},"74":{"start":{"line":281,"column":8},"end":{"line":281,"column":43}},"75":{"start":{"line":283,"column":25},"end":{"line":283,"column":52}},"76":{"start":{"line":284,"column":19},"end":{"line":284,"column":21}},"77":{"start":{"line":285,"column":20},"end":{"line":285,"column":22}},"78":{"start":{"line":287,"column":8},"end":{"line":304,"column":11}},"79":{"start":{"line":289,"column":12},"end":{"line":298,"column":13}},"80":{"start":{"line":291,"column":16},"end":{"line":291,"column":32}},"81":{"start":{"line":294,"column":32},"end":{"line":294,"column":45}},"82":{"start":{"line":295,"column":16},"end":{"line":295,"column":37}},"83":{"start":{"line":296,"column":16},"end":{"line":296,"column":27}},"84":{"start":{"line":297,"column":16},"end":{"line":297,"column":32}},"85":{"start":{"line":299,"column":12},"end":{"line":303,"column":13}},"86":{"start":{"line":301,"column":32},"end":{"line":301,"column":45}},"87":{"start":{"line":302,"column":16},"end":{"line":302,"column":37}},"88":{"start":{"line":306,"column":22},"end":{"line":313,"column":10}},"89":{"start":{"line":308,"column":12},"end":{"line":312,"column":14}},"90":{"start":{"line":315,"column":8},"end":{"line":376,"column":10}},"91":{"start":{"line":329,"column":58},"end":{"line":329,"column":74}},"92":{"start":{"line":332,"column":58},"end":{"line":332,"column":74}},"93":{"start":{"line":361,"column":40},"end":{"line":367,"column":45}},"94":{"start":{"line":365,"column":99},"end":{"line":365,"column":132}},"95":{"start":{"line":366,"column":99},"end":{"line":366,"column":132}}},"fnMap":{"0":{"name":"(anonymous_0)","decl":{"start":{"line":22,"column":4},"end":{"line":22,"column":5}},"loc":{"start":{"line":23,"column":4},"end":{"line":25,"column":5}},"line":23},"1":{"name":"(anonymous_1)","decl":{"start":{"line":27,"column":4},"end":{"line":27,"column":5}},"loc":{"start":{"line":28,"column":4},"end":{"line":30,"column":5}},"line":28},"2":{"name":"(anonymous_2)","decl":{"start":{"line":32,"column":4},"end":{"line":32,"column":5}},"loc":{"start":{"line":33,"column":4},"end":{"line":38,"column":5}},"line":33},"3":{"name":"(anonymous_3)","decl":{"start":{"line":40,"column":4},"end":{"line":40,"column":5}},"loc":{"start":{"line":41,"column":4},"end":{"line":45,"column":5}},"line":41},"4":{"name":"(anonymous_4)","decl":{"start":{"line":47,"column":4},"end":{"line":47,"column":5}},"loc":{"start":{"line":48,"column":4},"end":{"line":58,"column":5}},"line":48},"5":{"name":"(anonymous_5)","decl":{"start":{"line":52,"column":16},"end":{"line":52,"column":17}},"loc":{"start":{"line":53,"column":16},"end":{"line":56,"column":17}},"line":53},"6":{"name":"(anonymous_6)","decl":{"start":{"line":65,"column":11},"end":{"line":65,"column":12}},"loc":{"start":{"line":66,"column":4},"end":{"line":68,"column":5}},"line":66},"7":{"name":"(anonymous_7)","decl":{"start":{"line":69,"column":12},"end":{"line":69,"column":13}},"loc":{"start":{"line":70,"column":4},"end":{"line":72,"column":5}},"line":70},"8":{"name":"(anonymous_8)","decl":{"start":{"line":73,"column":18},"end":{"line":73,"column":19}},"loc":{"start":{"line":74,"column":4},"end":{"line":76,"column":5}},"line":74},"9":{"name":"(anonymous_9)","decl":{"start":{"line":77,"column":18},"end":{"line":77,"column":19}},"loc":{"start":{"line":78,"column":4},"end":{"line":81,"column":5}},"line":78},"10":{"name":"(anonymous_10)","decl":{"start":{"line":82,"column":17},"end":{"line":82,"column":18}},"loc":{"start":{"line":83,"column":4},"end":{"line":85,"column":5}},"line":83},"11":{"name":"(anonymous_11)","decl":{"start":{"line":87,"column":22},"end":{"line":87,"column":23}},"loc":{"start":{"line":88,"column":4},"end":{"line":92,"column":5}},"line":88},"12":{"name":"(anonymous_12)","decl":{"start":{"line":94,"column":15},"end":{"line":94,"column":16}},"loc":{"start":{"line":95,"column":4},"end":{"line":102,"column":5}},"line":95},"13":{"name":"(anonymous_13)","decl":{"start":{"line":104,"column":16},"end":{"line":104,"column":17}},"loc":{"start":{"line":105,"column":4},"end":{"line":112,"column":5}},"line":105},"14":{"name":"(anonymous_14)","decl":{"start":{"line":114,"column":16},"end":{"line":114,"column":17}},"loc":{"start":{"line":115,"column":4},"end":{"line":122,"column":5}},"line":115},"15":{"name":"(anonymous_15)","decl":{"start":{"line":124,"column":21},"end":{"line":124,"column":22}},"loc":{"start":{"line":125,"column":4},"end":{"line":129,"column":5}},"line":125},"16":{"name":"(anonymous_16)","decl":{"start":{"line":130,"column":17},"end":{"line":130,"column":18}},"loc":{"start":{"line":131,"column":4},"end":{"line":148,"column":5}},"line":131},"17":{"name":"(anonymous_17)","decl":{"start":{"line":132,"column":35},"end":{"line":132,"column":36}},"loc":{"start":{"line":133,"column":8},"end":{"line":141,"column":9}},"line":133},"18":{"name":"(anonymous_18)","decl":{"start":{"line":136,"column":41},"end":{"line":136,"column":42}},"loc":{"start":{"line":136,"column":48},"end":{"line":136,"column":80}},"line":136},"19":{"name":"(anonymous_19)","decl":{"start":{"line":150,"column":20},"end":{"line":150,"column":21}},"loc":{"start":{"line":151,"column":4},"end":{"line":155,"column":5}},"line":151},"20":{"name":"(anonymous_20)","decl":{"start":{"line":157,"column":15},"end":{"line":157,"column":16}},"loc":{"start":{"line":158,"column":4},"end":{"line":168,"column":5}},"line":158},"21":{"name":"(anonymous_21)","decl":{"start":{"line":161,"column":25},"end":{"line":161,"column":26}},"loc":{"start":{"line":161,"column":32},"end":{"line":161,"column":71}},"line":161},"22":{"name":"(anonymous_22)","decl":{"start":{"line":170,"column":21},"end":{"line":170,"column":22}},"loc":{"start":{"line":171,"column":4},"end":{"line":175,"column":5}},"line":171},"23":{"name":"(anonymous_23)","decl":{"start":{"line":177,"column":14},"end":{"line":177,"column":15}},"loc":{"start":{"line":178,"column":4},"end":{"line":184,"column":5}},"line":178},"24":{"name":"(anonymous_24)","decl":{"start":{"line":185,"column":19},"end":{"line":185,"column":20}},"loc":{"start":{"line":186,"column":4},"end":{"line":189,"column":5}},"line":186},"25":{"name":"(anonymous_25)","decl":{"start":{"line":191,"column":18},"end":{"line":191,"column":19}},"loc":{"start":{"line":192,"column":4},"end":{"line":200,"column":5}},"line":192},"26":{"name":"(anonymous_26)","decl":{"start":{"line":202,"column":14},"end":{"line":202,"column":15}},"loc":{"start":{"line":203,"column":4},"end":{"line":221,"column":5}},"line":203},"27":{"name":"(anonymous_27)","decl":{"start":{"line":209,"column":25},"end":{"line":209,"column":26}},"loc":{"start":{"line":209,"column":40},"end":{"line":209,"column":70}},"line":209},"28":{"name":"(anonymous_28)","decl":{"start":{"line":210,"column":29},"end":{"line":210,"column":30}},"loc":{"start":{"line":210,"column":36},"end":{"line":210,"column":55}},"line":210},"29":{"name":"(anonymous_29)","decl":{"start":{"line":211,"column":30},"end":{"line":211,"column":31}},"loc":{"start":{"line":211,"column":37},"end":{"line":211,"column":57}},"line":211},"30":{"name":"(anonymous_30)","decl":{"start":{"line":217,"column":35},"end":{"line":217,"column":36}},"loc":{"start":{"line":217,"column":42},"end":{"line":217,"column":67}},"line":217},"31":{"name":"(anonymous_31)","decl":{"start":{"line":223,"column":17},"end":{"line":223,"column":18}},"loc":{"start":{"line":224,"column":4},"end":{"line":233,"column":5}},"line":224},"32":{"name":"(anonymous_32)","decl":{"start":{"line":227,"column":11},"end":{"line":227,"column":12}},"loc":{"start":{"line":228,"column":8},"end":{"line":230,"column":9}},"line":228},"33":{"name":"(anonymous_33)","decl":{"start":{"line":235,"column":4},"end":{"line":235,"column":5}},"loc":{"start":{"line":236,"column":4},"end":{"line":377,"column":5}},"line":236},"34":{"name":"(anonymous_34)","decl":{"start":{"line":238,"column":46},"end":{"line":238,"column":47}},"loc":{"start":{"line":239,"column":8},"end":{"line":243,"column":9}},"line":239},"35":{"name":"(anonymous_35)","decl":{"start":{"line":261,"column":16},"end":{"line":261,"column":17}},"loc":{"start":{"line":262,"column":20},"end":{"line":262,"column":63}},"line":262},"36":{"name":"(anonymous_36)","decl":{"start":{"line":269,"column":48},"end":{"line":269,"column":49}},"loc":{"start":{"line":269,"column":55},"end":{"line":269,"column":80}},"line":269},"37":{"name":"(anonymous_37)","decl":{"start":{"line":287,"column":27},"end":{"line":287,"column":28}},"loc":{"start":{"line":288,"column":8},"end":{"line":304,"column":9}},"line":288},"38":{"name":"(anonymous_38)","decl":{"start":{"line":306,"column":31},"end":{"line":306,"column":32}},"loc":{"start":{"line":307,"column":8},"end":{"line":313,"column":9}},"line":307},"39":{"name":"(anonymous_39)","decl":{"start":{"line":329,"column":49},"end":{"line":329,"column":50}},"loc":{"start":{"line":329,"column":56},"end":{"line":329,"column":76}},"line":329},"40":{"name":"(anonymous_40)","decl":{"start":{"line":332,"column":49},"end":{"line":332,"column":50}},"loc":{"start":{"line":332,"column":56},"end":{"line":332,"column":76}},"line":332},"41":{"name":"(anonymous_41)","decl":{"start":{"line":360,"column":36},"end":{"line":360,"column":37}},"loc":{"start":{"line":361,"column":40},"end":{"line":367,"column":45}},"line":361},"42":{"name":"(anonymous_42)","decl":{"start":{"line":365,"column":93},"end":{"line":365,"column":94}},"loc":{"start":{"line":365,"column":99},"end":{"line":365,"column":132}},"line":365},"43":{"name":"(anonymous_43)","decl":{"start":{"line":366,"column":93},"end":{"line":366,"column":94}},"loc":{"start":{"line":366,"column":99},"end":{"line":366,"column":132}},"line":366}},"branchMap":{"0":{"loc":{"start":{"line":111,"column":8},"end":{"line":111,"column":58}},"type":"binary-expr","locations":[{"start":{"line":111,"column":8},"end":{"line":111,"column":30}},{"start":{"line":111,"column":34},"end":{"line":111,"column":58}}],"line":111},"1":{"loc":{"start":{"line":121,"column":8},"end":{"line":121,"column":58}},"type":"binary-expr","locations":[{"start":{"line":121,"column":8},"end":{"line":121,"column":30}},{"start":{"line":121,"column":34},"end":{"line":121,"column":58}}],"line":121},"2":{"loc":{"start":{"line":127,"column":8},"end":{"line":127,"column":62}},"type":"binary-expr","locations":[{"start":{"line":127,"column":8},"end":{"line":127,"column":32}},{"start":{"line":127,"column":36},"end":{"line":127,"column":62}}],"line":127},"3":{"loc":{"start":{"line":163,"column":17},"end":{"line":164,"column":58}},"type":"binary-expr","locations":[{"start":{"line":163,"column":17},"end":{"line":163,"column":42}},{"start":{"line":164,"column":20},"end":{"line":164,"column":58}}],"line":163},"4":{"loc":{"start":{"line":188,"column":8},"end":{"line":188,"column":77}},"type":"binary-expr","locations":[{"start":{"line":188,"column":8},"end":{"line":188,"column":31}},{"start":{"line":188,"column":35},"end":{"line":188,"column":77}}],"line":188},"5":{"loc":{"start":{"line":193,"column":8},"end":{"line":199,"column":9}},"type":"if","locations":[{"start":{"line":193,"column":8},"end":{"line":199,"column":9}},{"start":{"line":193,"column":8},"end":{"line":199,"column":9}}],"line":193},"6":{"loc":{"start":{"line":193,"column":12},"end":{"line":193,"column":44}},"type":"binary-expr","locations":[{"start":{"line":193,"column":12},"end":{"line":193,"column":26}},{"start":{"line":193,"column":30},"end":{"line":193,"column":44}}],"line":193},"7":{"loc":{"start":{"line":205,"column":12},"end":{"line":219,"column":23}},"type":"cond-expr","locations":[{"start":{"line":206,"column":16},"end":{"line":213,"column":41}},{"start":{"line":215,"column":16},"end":{"line":219,"column":23}}],"line":205},"8":{"loc":{"start":{"line":232,"column":8},"end":{"line":232,"column":62}},"type":"binary-expr","locations":[{"start":{"line":232,"column":8},"end":{"line":232,"column":29}},{"start":{"line":232,"column":33},"end":{"line":232,"column":62}}],"line":232},"9":{"loc":{"start":{"line":264,"column":29},"end":{"line":264,"column":79}},"type":"cond-expr","locations":[{"start":{"line":264,"column":54},"end":{"line":264,"column":71}},{"start":{"line":264,"column":74},"end":{"line":264,"column":79}}],"line":264},"10":{"loc":{"start":{"line":265,"column":30},"end":{"line":265,"column":67}},"type":"cond-expr","locations":[{"start":{"line":265,"column":46},"end":{"line":265,"column":62}},{"start":{"line":265,"column":65},"end":{"line":265,"column":67}}],"line":265},"11":{"loc":{"start":{"line":289,"column":12},"end":{"line":298,"column":13}},"type":"if","locations":[{"start":{"line":289,"column":12},"end":{"line":298,"column":13}},{"start":{"line":289,"column":12},"end":{"line":298,"column":13}}],"line":289},"12":{"loc":{"start":{"line":299,"column":12},"end":{"line":303,"column":13}},"type":"if","locations":[{"start":{"line":299,"column":12},"end":{"line":303,"column":13}},{"start":{"line":299,"column":12},"end":{"line":303,"column":13}}],"line":299}},"s":{"0":0,"1":0,"2":0,"3":0,"4":0,"5":0,"6":0,"7":0,"8":0,"9":0,"10":0,"11":0,"12":0,"13":0,"14":0,"15":0,"16":0,"17":0,"18":0,"19":0,"20":0,"21":0,"22":0,"23":0,"24":0,"25":0,"26":0,"27":0,"28":0,"29":0,"30":0,"31":0,"32":0,"33":0,"34":0,"35":0,"36":0,"37":0,"38":0,"39":0,"40":0,"41":0,"42":0,"43":0,"44":0,"45":0,"46":0,"47":0,"48":0,"49":0,"50":0,"51":0,"52":0,"53":0,"54":0,"55":0,"56":0,"57":0,"58":0,"59":0,"60":0,"61":0,"62":0,"63":0,"64":0,"65":0,"66":0,"67":0,"68":0,"69":0,"70":0,"71":0,"72":0,"73":0,"74":0,"75":0,"76":0,"77":0,"78":0,"79":0,"80":0,"81":0,"82":0,"83":0,"84":0,"85":0,"86":0,"87":0,"88":0,"89":0,"90":0,"91":0,"92":0,"93":0,"94":0,"95":0},"f":{"0":0,"1":0,"2":0,"3":0,"4":0,"5":0,"6":0,"7":0,"8":0,"9":0,"10":0,"11":0,"12":0,"13":0,"14":0,"15":0,"16":0,"17":0,"18":0,"19":0,"20":0,"21":0,"22":0,"23":0,"24":0,"25":0,"26":0,"27":0,"28":0,"29":0,"30":0,"31":0,"32":0,"33":0,"34":0,"35":0,"36":0,"37":0,"38":0,"39":0,"40":0,"41":0,"42":0,"43":0},"b":{"0":[0,0],"1":[0,0],"2":[0,0],"3":[0,0],"4":[0,0],"5":[0,0],"6":[0,0],"7":[0,0],"8":[0,0],"9":[0,0],"10":[0,0],"11":[0,0],"12":[0,0]},"_coverageSchema":"332fd63041d2c1bcb487cc26dd0d5f7d97098a6c","hash":"65c7896e85fd9046ff1bf489f49c1455a3d46156"}
,"/Users/adrianteoh/git/SEPT/insertteamnamehere/frontend/todo-app/src/components/todo/ErrorComponent.jsx": {"path":"/Users/adrianteoh/git/SEPT/insertteamnamehere/frontend/todo-app/src/components/todo/ErrorComponent.jsx","statementMap":{"0":{"start":{"line":4,"column":4},"end":{"line":4,"column":99}}},"fnMap":{"0":{"name":"ErrorComponent","decl":{"start":{"line":3,"column":9},"end":{"line":3,"column":23}},"loc":{"start":{"line":3,"column":26},"end":{"line":5,"column":1}},"line":3}},"branchMap":{},"s":{"0":0},"f":{"0":0},"b":{},"_coverageSchema":"332fd63041d2c1bcb487cc26dd0d5f7d97098a6c","hash":"d3d2fa60f0f399a7a25aff57ea0ff6e34c496d74"}
,"/Users/adrianteoh/git/SEPT/insertteamnamehere/frontend/todo-app/src/components/todo/EventPlannerComponent.jsx": {"path":"/Users/adrianteoh/git/SEPT/insertteamnamehere/frontend/todo-app/src/components/todo/EventPlannerComponent.jsx","statementMap":{"0":{"start":{"line":10,"column":8},"end":{"line":10,"column":34}},"1":{"start":{"line":11,"column":8},"end":{"line":11,"column":20}},"2":{"start":{"line":12,"column":8},"end":{"line":14,"column":9}},"3":{"start":{"line":15,"column":8},"end":{"line":15,"column":56}},"4":{"start":{"line":20,"column":8},"end":{"line":20,"column":43}},"5":{"start":{"line":25,"column":8},"end":{"line":25,"column":44}},"6":{"start":{"line":26,"column":8},"end":{"line":26,"column":30}},"7":{"start":{"line":27,"column":8},"end":{"line":27,"column":30}},"8":{"start":{"line":28,"column":8},"end":{"line":28,"column":19}},"9":{"start":{"line":33,"column":8},"end":{"line":33,"column":40}},"10":{"start":{"line":34,"column":8},"end":{"line":34,"column":28}},"11":{"start":{"line":35,"column":8},"end":{"line":35,"column":31}},"12":{"start":{"line":40,"column":23},"end":{"line":40,"column":66}},"13":{"start":{"line":41,"column":8},"end":{"line":48,"column":13}},"14":{"start":{"line":46,"column":20},"end":{"line":46,"column":60}},"15":{"start":{"line":68,"column":8},"end":{"line":68,"column":46}},"16":{"start":{"line":73,"column":8},"end":{"line":73,"column":35}},"17":{"start":{"line":74,"column":8},"end":{"line":74,"column":49}},"18":{"start":{"line":90,"column":8},"end":{"line":90,"column":29}},"19":{"start":{"line":91,"column":8},"end":{"line":126,"column":9}},"20":{"start":{"line":110,"column":40},"end":{"line":116,"column":45}},"21":{"start":{"line":114,"column":99},"end":{"line":114,"column":132}},"22":{"start":{"line":115,"column":99},"end":{"line":115,"column":132}}},"fnMap":{"0":{"name":"(anonymous_0)","decl":{"start":{"line":8,"column":4},"end":{"line":8,"column":5}},"loc":{"start":{"line":9,"column":4},"end":{"line":16,"column":5}},"line":9},"1":{"name":"(anonymous_1)","decl":{"start":{"line":18,"column":4},"end":{"line":18,"column":5}},"loc":{"start":{"line":19,"column":4},"end":{"line":21,"column":5}},"line":19},"2":{"name":"(anonymous_2)","decl":{"start":{"line":23,"column":4},"end":{"line":23,"column":5}},"loc":{"start":{"line":24,"column":4},"end":{"line":29,"column":5}},"line":24},"3":{"name":"(anonymous_3)","decl":{"start":{"line":31,"column":4},"end":{"line":31,"column":5}},"loc":{"start":{"line":32,"column":4},"end":{"line":36,"column":5}},"line":32},"4":{"name":"(anonymous_4)","decl":{"start":{"line":38,"column":4},"end":{"line":38,"column":5}},"loc":{"start":{"line":39,"column":4},"end":{"line":49,"column":5}},"line":39},"5":{"name":"(anonymous_5)","decl":{"start":{"line":43,"column":16},"end":{"line":43,"column":17}},"loc":{"start":{"line":44,"column":16},"end":{"line":47,"column":17}},"line":44},"6":{"name":"(anonymous_6)","decl":{"start":{"line":66,"column":4},"end":{"line":66,"column":5}},"loc":{"start":{"line":67,"column":4},"end":{"line":69,"column":5}},"line":67},"7":{"name":"(anonymous_7)","decl":{"start":{"line":71,"column":4},"end":{"line":71,"column":5}},"loc":{"start":{"line":72,"column":4},"end":{"line":86,"column":5}},"line":72},"8":{"name":"(anonymous_8)","decl":{"start":{"line":88,"column":4},"end":{"line":88,"column":5}},"loc":{"start":{"line":89,"column":4},"end":{"line":127,"column":5}},"line":89},"9":{"name":"(anonymous_9)","decl":{"start":{"line":109,"column":36},"end":{"line":109,"column":37}},"loc":{"start":{"line":110,"column":40},"end":{"line":116,"column":45}},"line":110},"10":{"name":"(anonymous_10)","decl":{"start":{"line":114,"column":93},"end":{"line":114,"column":94}},"loc":{"start":{"line":114,"column":99},"end":{"line":114,"column":132}},"line":114},"11":{"name":"(anonymous_11)","decl":{"start":{"line":115,"column":93},"end":{"line":115,"column":94}},"loc":{"start":{"line":115,"column":99},"end":{"line":115,"column":132}},"line":115}},"branchMap":{"0":{"loc":{"start":{"line":94,"column":17},"end":{"line":94,"column":98}},"type":"binary-expr","locations":[{"start":{"line":94,"column":17},"end":{"line":94,"column":35}},{"start":{"line":94,"column":39},"end":{"line":94,"column":98}}],"line":94}},"s":{"0":0,"1":0,"2":0,"3":0,"4":0,"5":0,"6":0,"7":0,"8":0,"9":0,"10":0,"11":0,"12":0,"13":0,"14":0,"15":0,"16":0,"17":0,"18":0,"19":0,"20":0,"21":0,"22":0},"f":{"0":0,"1":0,"2":0,"3":0,"4":0,"5":0,"6":0,"7":0,"8":0,"9":0,"10":0,"11":0},"b":{"0":[0,0]},"_coverageSchema":"332fd63041d2c1bcb487cc26dd0d5f7d97098a6c","hash":"094bd66eff99a7623ba8baf7a67b09bb9253354a"}
,"/Users/adrianteoh/git/SEPT/insertteamnamehere/frontend/todo-app/src/components/todo/FooterComponent.jsx": {"path":"/Users/adrianteoh/git/SEPT/insertteamnamehere/frontend/todo-app/src/components/todo/FooterComponent.jsx","statementMap":{"0":{"start":{"line":5,"column":8},"end":{"line":9,"column":9}}},"fnMap":{"0":{"name":"(anonymous_0)","decl":{"start":{"line":4,"column":4},"end":{"line":4,"column":5}},"loc":{"start":{"line":4,"column":13},"end":{"line":10,"column":5}},"line":4}},"branchMap":{},"s":{"0":1},"f":{"0":1},"b":{},"_coverageSchema":"332fd63041d2c1bcb487cc26dd0d5f7d97098a6c","hash":"b042d6d3a1f17f8e3382055f2caf614414216e9f"}
,"/Users/adrianteoh/git/SEPT/insertteamnamehere/frontend/todo-app/src/components/todo/HeaderComponent.jsx": {"path":"/Users/adrianteoh/git/SEPT/insertteamnamehere/frontend/todo-app/src/components/todo/HeaderComponent.jsx","statementMap":{"0":{"start":{"line":11,"column":31},"end":{"line":11,"column":69}},"1":{"start":{"line":14,"column":8},"end":{"line":30,"column":9}}},"fnMap":{"0":{"name":"(anonymous_0)","decl":{"start":{"line":9,"column":4},"end":{"line":9,"column":5}},"loc":{"start":{"line":10,"column":4},"end":{"line":31,"column":5}},"line":10}},"branchMap":{"0":{"loc":{"start":{"line":19,"column":25},"end":{"line":19,"column":109}},"type":"binary-expr","locations":[{"start":{"line":19,"column":25},"end":{"line":19,"column":39}},{"start":{"line":19,"column":43},"end":{"line":19,"column":109}}],"line":19},"1":{"loc":{"start":{"line":20,"column":25},"end":{"line":20,"column":118}},"type":"binary-expr","locations":[{"start":{"line":20,"column":25},"end":{"line":20,"column":39}},{"start":{"line":20,"column":43},"end":{"line":20,"column":118}}],"line":20},"2":{"loc":{"start":{"line":21,"column":25},"end":{"line":21,"column":109}},"type":"binary-expr","locations":[{"start":{"line":21,"column":25},"end":{"line":21,"column":39}},{"start":{"line":21,"column":43},"end":{"line":21,"column":109}}],"line":21},"3":{"loc":{"start":{"line":22,"column":25},"end":{"line":22,"column":115}},"type":"binary-expr","locations":[{"start":{"line":22,"column":25},"end":{"line":22,"column":39}},{"start":{"line":22,"column":43},"end":{"line":22,"column":115}}],"line":22},"4":{"loc":{"start":{"line":25,"column":25},"end":{"line":25,"column":104}},"type":"binary-expr","locations":[{"start":{"line":25,"column":25},"end":{"line":25,"column":40}},{"start":{"line":25,"column":44},"end":{"line":25,"column":104}}],"line":25},"5":{"loc":{"start":{"line":26,"column":25},"end":{"line":26,"column":144}},"type":"binary-expr","locations":[{"start":{"line":26,"column":25},"end":{"line":26,"column":39}},{"start":{"line":26,"column":43},"end":{"line":26,"column":144}}],"line":26}},"s":{"0":1,"1":1},"f":{"0":1},"b":{"0":[1,0],"1":[1,0],"2":[1,0],"3":[1,0],"4":[1,1],"5":[1,0]},"_coverageSchema":"332fd63041d2c1bcb487cc26dd0d5f7d97098a6c","hash":"e5127c406cb613fab20d9a403085376f8a421b2d"}
,"/Users/adrianteoh/git/SEPT/insertteamnamehere/frontend/todo-app/src/components/todo/LoginComponent.jsx": {"path":"/Users/adrianteoh/git/SEPT/insertteamnamehere/frontend/todo-app/src/components/todo/LoginComponent.jsx","statementMap":{"0":{"start":{"line":10,"column":4},"end":{"line":10,"column":17}},"1":{"start":{"line":12,"column":4},"end":{"line":17,"column":6}},"2":{"start":{"line":20,"column":4},"end":{"line":20,"column":53}},"3":{"start":{"line":21,"column":4},"end":{"line":21,"column":53}},"4":{"start":{"line":27,"column":4},"end":{"line":29,"column":7}},"5":{"start":{"line":70,"column":4},"end":{"line":86,"column":9}},"6":{"start":{"line":76,"column":8},"end":{"line":79,"column":10}},"7":{"start":{"line":80,"column":8},"end":{"line":80,"column":67}},"8":{"start":{"line":84,"column":8},"end":{"line":84,"column":53}},"9":{"start":{"line":85,"column":8},"end":{"line":85,"column":48}},"10":{"start":{"line":91,"column":4},"end":{"line":134,"column":6}}},"fnMap":{"0":{"name":"(anonymous_0)","decl":{"start":{"line":8,"column":2},"end":{"line":8,"column":3}},"loc":{"start":{"line":9,"column":2},"end":{"line":22,"column":3}},"line":9},"1":{"name":"(anonymous_1)","decl":{"start":{"line":24,"column":2},"end":{"line":24,"column":3}},"loc":{"start":{"line":25,"column":2},"end":{"line":30,"column":3}},"line":25},"2":{"name":"(anonymous_2)","decl":{"start":{"line":47,"column":2},"end":{"line":47,"column":3}},"loc":{"start":{"line":48,"column":2},"end":{"line":87,"column":3}},"line":48},"3":{"name":"(anonymous_3)","decl":{"start":{"line":74,"column":12},"end":{"line":74,"column":13}},"loc":{"start":{"line":75,"column":6},"end":{"line":81,"column":7}},"line":75},"4":{"name":"(anonymous_4)","decl":{"start":{"line":82,"column":13},"end":{"line":82,"column":14}},"loc":{"start":{"line":83,"column":6},"end":{"line":86,"column":7}},"line":83},"5":{"name":"(anonymous_5)","decl":{"start":{"line":89,"column":2},"end":{"line":89,"column":3}},"loc":{"start":{"line":90,"column":2},"end":{"line":135,"column":3}},"line":90}},"branchMap":{"0":{"loc":{"start":{"line":98,"column":15},"end":{"line":102,"column":15}},"type":"binary-expr","locations":[{"start":{"line":98,"column":15},"end":{"line":98,"column":40}},{"start":{"line":99,"column":16},"end":{"line":101,"column":18}}],"line":98},"1":{"loc":{"start":{"line":103,"column":15},"end":{"line":103,"column":74}},"type":"binary-expr","locations":[{"start":{"line":103,"column":15},"end":{"line":103,"column":44}},{"start":{"line":103,"column":48},"end":{"line":103,"column":74}}],"line":103}},"s":{"0":1,"1":1,"2":1,"3":1,"4":0,"5":0,"6":0,"7":0,"8":0,"9":0,"10":1},"f":{"0":1,"1":0,"2":0,"3":0,"4":0,"5":1},"b":{"0":[1,0],"1":[1,0]},"_coverageSchema":"332fd63041d2c1bcb487cc26dd0d5f7d97098a6c","hash":"94059506fe17e6bf1ae7695d5489f12bda524cc0"}
,"/Users/adrianteoh/git/SEPT/insertteamnamehere/frontend/todo-app/src/components/todo/LogoutComponent.jsx": {"path":"/Users/adrianteoh/git/SEPT/insertteamnamehere/frontend/todo-app/src/components/todo/LogoutComponent.jsx","statementMap":{"0":{"start":{"line":5,"column":8},"end":{"line":12,"column":9}}},"fnMap":{"0":{"name":"(anonymous_0)","decl":{"start":{"line":4,"column":4},"end":{"line":4,"column":5}},"loc":{"start":{"line":4,"column":13},"end":{"line":13,"column":5}},"line":4}},"branchMap":{},"s":{"0":2},"f":{"0":2},"b":{},"_coverageSchema":"332fd63041d2c1bcb487cc26dd0d5f7d97098a6c","hash":"1f47196f453ae23ceb4bbe856f2c616b53f432d7"}
,"/Users/adrianteoh/git/SEPT/insertteamnamehere/frontend/todo-app/src/components/todo/MarketPlacePanel.jsx": {"path":"/Users/adrianteoh/git/SEPT/insertteamnamehere/frontend/todo-app/src/components/todo/MarketPlacePanel.jsx","statementMap":{"0":{"start":{"line":1,"column":0},"end":{"line":null,"column":-1}},"1":{"start":{"line":2,"column":0},"end":{"line":null,"column":-1}},"2":{"start":{"line":8,"column":6},"end":{"line":null,"column":-1}},"3":{"start":{"line":9,"column":6},"end":{"line":null,"column":-1}},"4":{"start":{"line":17,"column":7},"end":{"line":null,"column":-1}},"5":{"start":{"line":18,"column":7},"end":{"line":null,"column":-1}},"6":{"start":{"line":19,"column":7},"end":{"line":null,"column":-1}},"7":{"start":{"line":25,"column":6},"end":{"line":null,"column":-1}},"8":{"start":{"line":30,"column":15},"end":{"line":null,"column":-1}},"9":{"start":{"line":36,"column":8},"end":{"line":null,"column":-1}},"10":{"start":{"line":50,"column":30},"end":{"line":48,"column":24}},"11":{"start":{"line":54,"column":85},"end":{"line":54,"column":37}}},"fnMap":{"0":{"name":"(anonymous_0)","decl":{"start":{"line":6,"column":4},"end":{"line":6,"column":14}},"loc":{"start":{"line":7,"column":3},"end":{"line":13,"column":4}}},"1":{"name":"(anonymous_1)","decl":{"start":{"line":15,"column":4},"end":{"line":15,"column":20}},"loc":{"start":{"line":16,"column":4},"end":{"line":20,"column":5}}},"2":{"name":"(anonymous_2)","decl":{"start":{"line":22,"column":3},"end":{"line":22,"column":14}},"loc":{"start":{"line":23,"column":3},"end":{"line":33,"column":4}}},"3":{"name":"(anonymous_3)","decl":{"start":{"line":27,"column":12},"end":{"line":27,"column":19}},"loc":{"start":{"line":28,"column":12},"end":{"line":25,"column":6}}},"4":{"name":"(anonymous_4)","decl":{"start":{"line":34,"column":4},"end":{"line":34,"column":9}},"loc":{"start":{"line":35,"column":4},"end":{"line":61,"column":5}}},"5":{"name":"(anonymous_5)","decl":{"start":{"line":49,"column":27},"end":{"line":49,"column":30}},"loc":{"start":{"line":50,"column":30},"end":{"line":48,"column":24}}},"6":{"name":"(anonymous_6)","decl":{"start":{"line":54,"column":79},"end":{"line":54,"column":84}},"loc":{"start":{"line":54,"column":85},"end":{"line":54,"column":37}}}},"branchMap":{},"s":{"0":0,"1":0,"2":0,"3":0,"4":0,"5":0,"6":0,"7":0,"8":0,"9":0,"10":0,"11":0},"f":{"0":0,"1":0,"2":0,"3":0,"4":0,"5":0,"6":0},"b":{}}
,"/Users/adrianteoh/git/SEPT/insertteamnamehere/frontend/todo-app/src/components/todo/MarketplaceComponent.jsx": {"path":"/Users/adrianteoh/git/SEPT/insertteamnamehere/frontend/todo-app/src/components/todo/MarketplaceComponent.jsx","statementMap":{"0":{"start":{"line":9,"column":6},"end":{"line":9,"column":18}},"1":{"start":{"line":10,"column":6},"end":{"line":13,"column":7}},"2":{"start":{"line":18,"column":6},"end":{"line":18,"column":38}},"3":{"start":{"line":19,"column":6},"end":{"line":19,"column":26}},"4":{"start":{"line":20,"column":6},"end":{"line":20,"column":29}},"5":{"start":{"line":25,"column":6},"end":{"line":32,"column":10}},"6":{"start":{"line":30,"column":15},"end":{"line":30,"column":54}},"7":{"start":{"line":37,"column":6},"end":{"line":71,"column":7}},"8":{"start":{"line":54,"column":30},"end":{"line":59,"column":35}}},"fnMap":{"0":{"name":"(anonymous_0)","decl":{"start":{"line":7,"column":3},"end":{"line":7,"column":4}},"loc":{"start":{"line":8,"column":3},"end":{"line":14,"column":4}},"line":8},"1":{"name":"(anonymous_1)","decl":{"start":{"line":16,"column":3},"end":{"line":16,"column":4}},"loc":{"start":{"line":17,"column":3},"end":{"line":21,"column":4}},"line":17},"2":{"name":"(anonymous_2)","decl":{"start":{"line":23,"column":3},"end":{"line":23,"column":4}},"loc":{"start":{"line":24,"column":3},"end":{"line":33,"column":4}},"line":24},"3":{"name":"(anonymous_3)","decl":{"start":{"line":27,"column":12},"end":{"line":27,"column":13}},"loc":{"start":{"line":28,"column":12},"end":{"line":31,"column":13}},"line":28},"4":{"name":"(anonymous_4)","decl":{"start":{"line":35,"column":3},"end":{"line":35,"column":4}},"loc":{"start":{"line":36,"column":3},"end":{"line":72,"column":4}},"line":36},"5":{"name":"(anonymous_5)","decl":{"start":{"line":53,"column":27},"end":{"line":53,"column":28}},"loc":{"start":{"line":54,"column":30},"end":{"line":59,"column":35}},"line":54}},"branchMap":{},"s":{"0":0,"1":0,"2":0,"3":0,"4":0,"5":0,"6":0,"7":0,"8":0},"f":{"0":0,"1":0,"2":0,"3":0,"4":0,"5":0},"b":{},"_coverageSchema":"332fd63041d2c1bcb487cc26dd0d5f7d97098a6c","hash":"2b722b6353891cfcf721c0b61548d81412017c10"}
,"/Users/adrianteoh/git/SEPT/insertteamnamehere/frontend/todo-app/src/components/todo/PurchaseMarketPlaceItemComponent.jsx": {"path":"/Users/adrianteoh/git/SEPT/insertteamnamehere/frontend/todo-app/src/components/todo/PurchaseMarketPlaceItemComponent.jsx","statementMap":{"0":{"start":{"line":22,"column":8},"end":{"line":36,"column":10}}},"fnMap":{"0":{"name":"(anonymous_0)","decl":{"start":{"line":9,"column":4},"end":{"line":9,"column":5}},"loc":{"start":{"line":9,"column":17},"end":{"line":13,"column":5}},"line":9},"1":{"name":"(anonymous_1)","decl":{"start":{"line":15,"column":4},"end":{"line":15,"column":5}},"loc":{"start":{"line":15,"column":17},"end":{"line":19,"column":5}},"line":15},"2":{"name":"(anonymous_2)","decl":{"start":{"line":21,"column":4},"end":{"line":21,"column":5}},"loc":{"start":{"line":21,"column":13},"end":{"line":37,"column":5}},"line":21}},"branchMap":{},"s":{"0":2},"f":{"0":2,"1":0,"2":2},"b":{},"_coverageSchema":"332fd63041d2c1bcb487cc26dd0d5f7d97098a6c","hash":"365efb5c50357bfdc9dadf6d5b4771b38cc25c99"}
,"/Users/adrianteoh/git/SEPT/insertteamnamehere/frontend/todo-app/src/components/todo/RegisterComponent.jsx": {"path":"/Users/adrianteoh/git/SEPT/insertteamnamehere/frontend/todo-app/src/components/todo/RegisterComponent.jsx","statementMap":{"0":{"start":{"line":9,"column":8},"end":{"line":58,"column":9}}},"fnMap":{"0":{"name":"(anonymous_0)","decl":{"start":{"line":7,"column":4},"end":{"line":7,"column":5}},"loc":{"start":{"line":8,"column":4},"end":{"line":59,"column":5}},"line":8}},"branchMap":{},"s":{"0":0},"f":{"0":0},"b":{},"_coverageSchema":"332fd63041d2c1bcb487cc26dd0d5f7d97098a6c","hash":"09a144dacdfa1373ff019c7408d09ab33276ecdc"}
,"/Users/adrianteoh/git/SEPT/insertteamnamehere/frontend/todo-app/src/components/todo/TodoApp.jsx": {"path":"/Users/adrianteoh/git/SEPT/insertteamnamehere/frontend/todo-app/src/components/todo/TodoApp.jsx","statementMap":{"0":{"start":{"line":22,"column":8},"end":{"line":46,"column":9}}},"fnMap":{"0":{"name":"(anonymous_0)","decl":{"start":{"line":20,"column":4},"end":{"line":20,"column":5}},"loc":{"start":{"line":21,"column":4},"end":{"line":47,"column":5}},"line":21}},"branchMap":{},"s":{"0":2},"f":{"0":2},"b":{},"_coverageSchema":"332fd63041d2c1bcb487cc26dd0d5f7d97098a6c","hash":"7ab13c1d3202d1f9c1e678339e3a225e0693cc9f"}
,"/Users/adrianteoh/git/SEPT/insertteamnamehere/frontend/todo-app/src/components/todo/TodoComponent.jsx": {"path":"/Users/adrianteoh/git/SEPT/insertteamnamehere/frontend/todo-app/src/components/todo/TodoComponent.jsx","statementMap":{"0":{"start":{"line":11,"column":8},"end":{"line":11,"column":20}},"1":{"start":{"line":13,"column":8},"end":{"line":17,"column":9}},"2":{"start":{"line":19,"column":8},"end":{"line":19,"column":48}},"3":{"start":{"line":20,"column":8},"end":{"line":20,"column":48}},"4":{"start":{"line":27,"column":8},"end":{"line":30,"column":9}},"5":{"start":{"line":29,"column":12},"end":{"line":29,"column":18}},"6":{"start":{"line":32,"column":23},"end":{"line":32,"column":66}},"7":{"start":{"line":34,"column":8},"end":{"line":38,"column":15}},"8":{"start":{"line":35,"column":30},"end":{"line":38,"column":14}},"9":{"start":{"line":43,"column":21},"end":{"line":43,"column":23}},"10":{"start":{"line":44,"column":8},"end":{"line":50,"column":9}},"11":{"start":{"line":46,"column":12},"end":{"line":46,"column":54}},"12":{"start":{"line":47,"column":15},"end":{"line":50,"column":9}},"13":{"start":{"line":49,"column":12},"end":{"line":49,"column":76}},"14":{"start":{"line":52,"column":8},"end":{"line":55,"column":9}},"15":{"start":{"line":54,"column":12},"end":{"line":54,"column":59}},"16":{"start":{"line":57,"column":8},"end":{"line":57,"column":21}},"17":{"start":{"line":63,"column":23},"end":{"line":63,"column":66}},"18":{"start":{"line":65,"column":19},"end":{"line":69,"column":9}},"19":{"start":{"line":71,"column":8},"end":{"line":79,"column":9}},"20":{"start":{"line":73,"column":12},"end":{"line":74,"column":62}},"21":{"start":{"line":74,"column":28},"end":{"line":74,"column":61}},"22":{"start":{"line":77,"column":12},"end":{"line":78,"column":62}},"23":{"start":{"line":78,"column":28},"end":{"line":78,"column":61}},"24":{"start":{"line":81,"column":8},"end":{"line":81,"column":28}},"25":{"start":{"line":87,"column":42},"end":{"line":87,"column":52}},"26":{"start":{"line":90,"column":8},"end":{"line":125,"column":9}},"27":{"start":{"line":104,"column":32},"end":{"line":118,"column":39}}},"fnMap":{"0":{"name":"(anonymous_0)","decl":{"start":{"line":9,"column":4},"end":{"line":9,"column":5}},"loc":{"start":{"line":10,"column":4},"end":{"line":22,"column":5}},"line":10},"1":{"name":"(anonymous_1)","decl":{"start":{"line":24,"column":4},"end":{"line":24,"column":5}},"loc":{"start":{"line":25,"column":4},"end":{"line":39,"column":5}},"line":25},"2":{"name":"(anonymous_2)","decl":{"start":{"line":35,"column":18},"end":{"line":35,"column":19}},"loc":{"start":{"line":35,"column":30},"end":{"line":38,"column":14}},"line":35},"3":{"name":"(anonymous_3)","decl":{"start":{"line":41,"column":4},"end":{"line":41,"column":5}},"loc":{"start":{"line":42,"column":4},"end":{"line":59,"column":5}},"line":42},"4":{"name":"(anonymous_4)","decl":{"start":{"line":61,"column":4},"end":{"line":61,"column":5}},"loc":{"start":{"line":62,"column":4},"end":{"line":82,"column":5}},"line":62},"5":{"name":"(anonymous_5)","decl":{"start":{"line":74,"column":22},"end":{"line":74,"column":23}},"loc":{"start":{"line":74,"column":28},"end":{"line":74,"column":61}},"line":74},"6":{"name":"(anonymous_6)","decl":{"start":{"line":78,"column":22},"end":{"line":78,"column":23}},"loc":{"start":{"line":78,"column":28},"end":{"line":78,"column":61}},"line":78},"7":{"name":"(anonymous_7)","decl":{"start":{"line":84,"column":4},"end":{"line":84,"column":5}},"loc":{"start":{"line":85,"column":4},"end":{"line":126,"column":5}},"line":85},"8":{"name":"(anonymous_8)","decl":{"start":{"line":103,"column":28},"end":{"line":103,"column":29}},"loc":{"start":{"line":104,"column":32},"end":{"line":118,"column":39}},"line":104}},"branchMap":{"0":{"loc":{"start":{"line":27,"column":8},"end":{"line":30,"column":9}},"type":"if","locations":[{"start":{"line":27,"column":8},"end":{"line":30,"column":9}},{"start":{"line":27,"column":8},"end":{"line":30,"column":9}}],"line":27},"1":{"loc":{"start":{"line":44,"column":8},"end":{"line":50,"column":9}},"type":"if","locations":[{"start":{"line":44,"column":8},"end":{"line":50,"column":9}},{"start":{"line":44,"column":8},"end":{"line":50,"column":9}}],"line":44},"2":{"loc":{"start":{"line":47,"column":15},"end":{"line":50,"column":9}},"type":"if","locations":[{"start":{"line":47,"column":15},"end":{"line":50,"column":9}},{"start":{"line":47,"column":15},"end":{"line":50,"column":9}}],"line":47},"3":{"loc":{"start":{"line":52,"column":8},"end":{"line":55,"column":9}},"type":"if","locations":[{"start":{"line":52,"column":8},"end":{"line":55,"column":9}},{"start":{"line":52,"column":8},"end":{"line":55,"column":9}}],"line":52},"4":{"loc":{"start":{"line":71,"column":8},"end":{"line":79,"column":9}},"type":"if","locations":[{"start":{"line":71,"column":8},"end":{"line":79,"column":9}},{"start":{"line":71,"column":8},"end":{"line":79,"column":9}}],"line":71}},"s":{"0":0,"1":0,"2":0,"3":0,"4":0,"5":0,"6":0,"7":0,"8":0,"9":0,"10":0,"11":0,"12":0,"13":0,"14":0,"15":0,"16":0,"17":0,"18":0,"19":0,"20":0,"21":0,"22":0,"23":0,"24":0,"25":0,"26":0,"27":0},"f":{"0":0,"1":0,"2":0,"3":0,"4":0,"5":0,"6":0,"7":0,"8":0},"b":{"0":[0,0],"1":[0,0],"2":[0,0],"3":[0,0],"4":[0,0]},"_coverageSchema":"332fd63041d2c1bcb487cc26dd0d5f7d97098a6c","hash":"d4cf775a1fa44c68ec0b0b6eb171790dc8bd112a"}
,"/Users/adrianteoh/git/SEPT/insertteamnamehere/frontend/todo-app/src/components/todo/WelcomeComponent.jsx": {"path":"/Users/adrianteoh/git/SEPT/insertteamnamehere/frontend/todo-app/src/components/todo/WelcomeComponent.jsx","statementMap":{"0":{"start":{"line":10,"column":8},"end":{"line":10,"column":20}},"1":{"start":{"line":11,"column":8},"end":{"line":11,"column":76}},"2":{"start":{"line":12,"column":8},"end":{"line":14,"column":9}},"3":{"start":{"line":15,"column":8},"end":{"line":15,"column":80}},"4":{"start":{"line":16,"column":8},"end":{"line":16,"column":54}},"5":{"start":{"line":21,"column":8},"end":{"line":37,"column":9}},"6":{"start":{"line":48,"column":8},"end":{"line":50,"column":52}},"7":{"start":{"line":49,"column":30},"end":{"line":49,"column":69}},"8":{"start":{"line":50,"column":28},"end":{"line":50,"column":51}},"9":{"start":{"line":55,"column":8},"end":{"line":55,"column":29}},"10":{"start":{"line":56,"column":8},"end":{"line":56,"column":64}},"11":{"start":{"line":62,"column":8},"end":{"line":62,"column":35}},"12":{"start":{"line":64,"column":27},"end":{"line":64,"column":29}},"13":{"start":{"line":66,"column":8},"end":{"line":67,"column":41}},"14":{"start":{"line":67,"column":12},"end":{"line":67,"column":41}},"15":{"start":{"line":69,"column":8},"end":{"line":72,"column":9}},"16":{"start":{"line":71,"column":12},"end":{"line":71,"column":55}},"17":{"start":{"line":74,"column":8},"end":{"line":74,"column":55}}},"fnMap":{"0":{"name":"(anonymous_0)","decl":{"start":{"line":8,"column":4},"end":{"line":8,"column":5}},"loc":{"start":{"line":9,"column":4},"end":{"line":17,"column":5}},"line":9},"1":{"name":"(anonymous_1)","decl":{"start":{"line":19,"column":4},"end":{"line":19,"column":5}},"loc":{"start":{"line":20,"column":4},"end":{"line":38,"column":5}},"line":20},"2":{"name":"(anonymous_2)","decl":{"start":{"line":40,"column":4},"end":{"line":40,"column":5}},"loc":{"start":{"line":41,"column":4},"end":{"line":51,"column":5}},"line":41},"3":{"name":"(anonymous_3)","decl":{"start":{"line":49,"column":18},"end":{"line":49,"column":19}},"loc":{"start":{"line":49,"column":30},"end":{"line":49,"column":69}},"line":49},"4":{"name":"(anonymous_4)","decl":{"start":{"line":50,"column":19},"end":{"line":50,"column":20}},"loc":{"start":{"line":50,"column":28},"end":{"line":50,"column":51}},"line":50},"5":{"name":"(anonymous_5)","decl":{"start":{"line":53,"column":4},"end":{"line":53,"column":5}},"loc":{"start":{"line":54,"column":4},"end":{"line":57,"column":5}},"line":54},"6":{"name":"(anonymous_6)","decl":{"start":{"line":59,"column":4},"end":{"line":59,"column":5}},"loc":{"start":{"line":60,"column":4},"end":{"line":75,"column":5}},"line":60}},"branchMap":{"0":{"loc":{"start":{"line":66,"column":8},"end":{"line":67,"column":41}},"type":"if","locations":[{"start":{"line":66,"column":8},"end":{"line":67,"column":41}},{"start":{"line":66,"column":8},"end":{"line":67,"column":41}}],"line":66},"1":{"loc":{"start":{"line":69,"column":8},"end":{"line":72,"column":9}},"type":"if","locations":[{"start":{"line":69,"column":8},"end":{"line":72,"column":9}},{"start":{"line":69,"column":8},"end":{"line":72,"column":9}}],"line":69},"2":{"loc":{"start":{"line":69,"column":12},"end":{"line":69,"column":49}},"type":"binary-expr","locations":[{"start":{"line":69,"column":12},"end":{"line":69,"column":26}},{"start":{"line":69,"column":30},"end":{"line":69,"column":49}}],"line":69}},"s":{"0":1,"1":1,"2":1,"3":1,"4":1,"5":1,"6":0,"7":0,"8":0,"9":0,"10":0,"11":0,"12":0,"13":0,"14":0,"15":0,"16":0,"17":0},"f":{"0":1,"1":1,"2":0,"3":0,"4":0,"5":0,"6":0},"b":{"0":[0,0],"1":[0,0],"2":[0,0]},"_coverageSchema":"332fd63041d2c1bcb487cc26dd0d5f7d97098a6c","hash":"e1760012260c63011227b3645a1fa374b6781a9e"}
}
