TN:
SF:/Users/adrianteoh/git/SEPT/insertteamnamehere/frontend/todo-app/src/App.js
FN:12,(anonymous_0)
FNF:1
FNH:1
FNDA:1,(anonymous_0)
DA:14,1
LF:1
LH:1
BRF:0
BRH:0
end_of_record
TN:
SF:/Users/adrianteoh/git/SEPT/insertteamnamehere/frontend/todo-app/src/Constants.js
FNF:0
FNH:0
DA:1,4
DA:2,4
LF:2
LH:2
BRF:0
BRH:0
end_of_record
TN:
SF:/Users/adrianteoh/git/SEPT/insertteamnamehere/frontend/todo-app/src/index.js
FNF:0
FNH:0
DA:7,1
DA:12,1
LF:2
LH:2
BRF:0
BRH:0
end_of_record
TN:
SF:/Users/adrianteoh/git/SEPT/insertteamnamehere/frontend/todo-app/src/serviceWorker.js
FN:23,register
FN:34,(anonymous_1)
FN:43,(anonymous_2)
FN:57,registerValidSW
FN:60,(anonymous_4)
FN:61,(anonymous_5)
FN:66,(anonymous_6)
FN:96,(anonymous_7)
FN:101,checkValidServiceWorker
FN:104,(anonymous_9)
FN:112,(anonymous_10)
FN:113,(anonymous_11)
FN:122,(anonymous_12)
FN:129,unregister
FN:131,(anonymous_14)
FNF:15
FNH:1
FNDA:0,register
FNDA:0,(anonymous_1)
FNDA:0,(anonymous_2)
FNDA:0,registerValidSW
FNDA:0,(anonymous_4)
FNDA:0,(anonymous_5)
FNDA:0,(anonymous_6)
FNDA:0,(anonymous_7)
FNDA:0,checkValidServiceWorker
FNDA:0,(anonymous_9)
FNDA:0,(anonymous_10)
FNDA:0,(anonymous_11)
FNDA:0,(anonymous_12)
FNDA:1,unregister
FNDA:0,(anonymous_14)
DA:13,1
DA:24,0
DA:26,0
DA:27,0
DA:31,0
DA:34,0
DA:35,0
DA:37,0
DA:39,0
DA:43,0
DA:44,0
DA:51,0
DA:58,0
DA:61,0
DA:62,0
DA:63,0
DA:64,0
DA:66,0
DA:67,0
DA:68,0
DA:72,0
DA:78,0
DA:79,0
DA:85,0
DA:88,0
DA:89,0
DA:97,0
DA:103,0
DA:106,0
DA:107,0
DA:112,0
DA:113,0
DA:114,0
DA:119,0
DA:123,0
DA:130,1
DA:131,0
DA:132,0
LF:38
LH:2
BRDA:14,0,0,1
BRDA:14,0,1,0
BRDA:14,0,2,0
BRDA:24,1,0,0
BRDA:24,1,1,0
BRDA:24,2,0,0
BRDA:24,2,1,0
BRDA:27,3,0,0
BRDA:27,3,1,0
BRDA:37,4,0,0
BRDA:37,4,1,0
BRDA:63,5,0,0
BRDA:63,5,1,0
BRDA:67,6,0,0
BRDA:67,6,1,0
BRDA:68,7,0,0
BRDA:68,7,1,0
BRDA:78,8,0,0
BRDA:78,8,1,0
BRDA:78,9,0,0
BRDA:78,9,1,0
BRDA:88,10,0,0
BRDA:88,10,1,0
BRDA:88,11,0,0
BRDA:88,11,1,0
BRDA:107,12,0,0
BRDA:107,12,1,0
BRDA:108,13,0,0
BRDA:108,13,1,0
BRDA:108,13,2,0
BRDA:130,14,0,0
BRDA:130,14,1,1
BRF:32
BRH:2
end_of_record
TN:
SF:/Users/adrianteoh/git/SEPT/insertteamnamehere/frontend/todo-app/src/setupTests.js
FNF:0
FNH:0
DA:4,7
LF:1
LH:1
BRF:0
BRH:0
end_of_record
TN:
SF:/Users/adrianteoh/git/SEPT/insertteamnamehere/frontend/todo-app/src/api/todo/EventDataService.js
FN:6,(anonymous_0)
FN:11,(anonymous_1)
FN:16,(anonymous_2)
FN:21,(anonymous_3)
FN:26,(anonymous_4)
FNF:5
FNH:0
FNDA:0,(anonymous_0)
FNDA:0,(anonymous_1)
FNDA:0,(anonymous_2)
FNDA:0,(anonymous_3)
FNDA:0,(anonymous_4)
DA:8,0
DA:13,0
DA:18,0
DA:23,0
DA:28,0
LF:5
LH:0
BRF:0
BRH:0
end_of_record
TN:
SF:/Users/adrianteoh/git/SEPT/insertteamnamehere/frontend/todo-app/src/api/todo/HelloWorldService.js
FN:5,(anonymous_0)
FN:10,(anonymous_1)
FN:15,(anonymous_2)
FNF:3
FNH:0
FNDA:0,(anonymous_0)
FNDA:0,(anonymous_1)
FNDA:0,(anonymous_2)
DA:7,0
DA:12,0
DA:22,0
LF:3
LH:0
BRF:0
BRH:0
end_of_record
TN:
SF:/Users/adrianteoh/git/SEPT/insertteamnamehere/frontend/todo-app/src/api/todo/ItemDataService.js
FN:6,(anonymous_0)
FN:11,(anonymous_1)
FN:16,(anonymous_2)
FN:21,(anonymous_3)
FN:26,(anonymous_4)
FN:31,(anonymous_5)
FNF:6
FNH:0
FNDA:0,(anonymous_0)
FNDA:0,(anonymous_1)
FNDA:0,(anonymous_2)
FNDA:0,(anonymous_3)
FNDA:0,(anonymous_4)
FNDA:0,(anonymous_5)
DA:8,0
DA:13,0
DA:18,0
DA:23,0
DA:28,0
DA:33,0
LF:6
LH:0
BRF:0
BRH:0
end_of_record
TN:
SF:/Users/adrianteoh/git/SEPT/insertteamnamehere/frontend/todo-app/src/api/todo/TodoDataService.js
FN:6,(anonymous_0)
FN:11,(anonymous_1)
FN:16,(anonymous_2)
FN:21,(anonymous_3)
FN:26,(anonymous_4)
FNF:5
FNH:0
FNDA:0,(anonymous_0)
FNDA:0,(anonymous_1)
FNDA:0,(anonymous_2)
FNDA:0,(anonymous_3)
FNDA:0,(anonymous_4)
DA:8,0
DA:13,0
DA:18,0
DA:23,0
DA:28,0
LF:5
LH:0
BRF:0
BRH:0
end_of_record
TN:
SF:/Users/adrianteoh/git/SEPT/insertteamnamehere/frontend/todo-app/src/components/counter/Counter.jsx
FN:7,(anonymous_0)
FN:20,(anonymous_1)
FN:32,(anonymous_2)
FN:36,(anonymous_3)
FN:39,(anonymous_4)
FN:45,(anonymous_5)
FN:48,(anonymous_6)
FN:70,(anonymous_7)
FN:75,(anonymous_8)
FN:76,(anonymous_9)
FNF:10
FNH:0
FNDA:0,(anonymous_0)
FNDA:0,(anonymous_1)
FNDA:0,(anonymous_2)
FNDA:0,(anonymous_3)
FNDA:0,(anonymous_4)
FNDA:0,(anonymous_5)
FNDA:0,(anonymous_6)
FNDA:0,(anonymous_7)
FNDA:0,(anonymous_8)
FNDA:0,(anonymous_9)
DA:1,0
DA:2,0
DA:3,0
DA:9,0
DA:11,0
DA:15,0
DA:16,0
DA:17,0
DA:21,0
DA:33,0
DA:38,0
DA:40,0
DA:47,0
DA:49,0
DA:73,0
DA:75,0
DA:76,0
DA:102,0
DA:106,0
LF:19
LH:0
BRF:0
BRH:0
end_of_record
TN:
SF:/Users/adrianteoh/git/SEPT/insertteamnamehere/frontend/todo-app/src/components/learning-examples/FirstComponent.jsx
FN:5,(anonymous_0)
FNF:1
FNH:0
FNDA:0,(anonymous_0)
DA:1,0
DA:6,0
LF:2
LH:0
BRF:0
BRH:0
end_of_record
TN:
SF:/Users/adrianteoh/git/SEPT/insertteamnamehere/frontend/todo-app/src/components/learning-examples/SecondComponent.jsx
FN:4,(anonymous_0)
FNF:1
FNH:0
FNDA:0,(anonymous_0)
DA:1,0
DA:5,0
LF:2
LH:0
BRF:0
BRH:0
end_of_record
TN:
SF:/Users/adrianteoh/git/SEPT/insertteamnamehere/frontend/todo-app/src/components/learning-examples/ThirdComponent.jsx
FN:3,ThirdComponent
FNF:1
FNH:0
FNDA:0,ThirdComponent
DA:1,0
DA:4,0
LF:2
LH:0
BRF:0
BRH:0
end_of_record
TN:
SF:/Users/adrianteoh/git/SEPT/insertteamnamehere/frontend/todo-app/src/components/todo/AddMarketPlaceItemPanel.jsx
FN:7,(anonymous_0)
FN:13,(anonymous_1)
FNF:2
FNH:2
FNDA:1,(anonymous_0)
FNDA:1,(anonymous_1)
DA:14,1
LF:1
LH:1
BRF:0
BRH:0
end_of_record
TN:
SF:/Users/adrianteoh/git/SEPT/insertteamnamehere/frontend/todo-app/src/components/todo/AuthenticatedRoute.jsx
FN:6,(anonymous_0)
FNF:1
FNH:0
FNDA:0,(anonymous_0)
DA:7,0
DA:8,0
DA:10,0
LF:3
LH:0
BRDA:7,0,0,0
BRDA:7,0,1,0
BRF:2
BRH:0
end_of_record
TN:
SF:/Users/adrianteoh/git/SEPT/insertteamnamehere/frontend/todo-app/src/components/todo/AuthenticationService.js
FN:8,(anonymous_0)
FN:13,(anonymous_1)
FN:20,(anonymous_2)
FN:24,(anonymous_3)
FN:31,(anonymous_4)
FN:36,(anonymous_5)
FN:41,(anonymous_6)
FN:45,(anonymous_7)
FN:51,(anonymous_8)
FN:57,(anonymous_9)
FN:60,(anonymous_10)
FNF:11
FNH:1
FNDA:0,(anonymous_0)
FNDA:0,(anonymous_1)
FNDA:0,(anonymous_2)
FNDA:0,(anonymous_3)
FNDA:0,(anonymous_4)
FNDA:0,(anonymous_5)
FNDA:0,(anonymous_6)
FNDA:1,(anonymous_7)
FNDA:0,(anonymous_8)
FNDA:0,(anonymous_9)
FNDA:0,(anonymous_10)
DA:4,3
DA:9,0
DA:14,0
DA:21,0
DA:27,0
DA:28,0
DA:32,0
DA:33,0
DA:37,0
DA:42,0
DA:46,1
DA:47,1
DA:48,0
DA:52,0
DA:53,0
DA:54,0
DA:59,0
DA:61,0
DA:62,0
DA:64,0
LF:20
LH:3
BRDA:47,0,0,1
BRDA:47,0,1,0
BRDA:53,1,0,0
BRDA:53,1,1,0
BRDA:61,2,0,0
BRDA:61,2,1,0
BRF:6
BRH:1
end_of_record
TN:
SF:/Users/adrianteoh/git/SEPT/insertteamnamehere/frontend/todo-app/src/components/todo/CalendarComponent copy.jsx
FN:10,(anonymous_0)
FN:30,(anonymous_1)
FN:39,(anonymous_2)
FN:47,(anonymous_3)
FN:56,(anonymous_4)
FN:64,(anonymous_5)
FN:73,(anonymous_6)
FN:83,(anonymous_7)
FN:93,(anonymous_8)
FN:103,(anonymous_9)
FN:127,(anonymous_10)
FN:137,(anonymous_11)
FN:175,(anonymous_12)
FN:194,(anonymous_13)
FN:217,(anonymous_14)
FN:306,(anonymous_15)
FN:335,(anonymous_16)
FN:368,(anonymous_17)
FN:375,(anonymous_18)
FN:381,(anonymous_19)
FN:431,(anonymous_20)
FN:449,(anonymous_21)
FN:493,(anonymous_22)
FN:508,(anonymous_23)
FNF:24
FNH:0
FNDA:0,(anonymous_0)
FNDA:0,(anonymous_1)
FNDA:0,(anonymous_2)
FNDA:0,(anonymous_3)
FNDA:0,(anonymous_4)
FNDA:0,(anonymous_5)
FNDA:0,(anonymous_6)
FNDA:0,(anonymous_7)
FNDA:0,(anonymous_8)
FNDA:0,(anonymous_9)
FNDA:0,(anonymous_10)
FNDA:0,(anonymous_11)
FNDA:0,(anonymous_12)
FNDA:0,(anonymous_13)
FNDA:0,(anonymous_14)
FNDA:0,(anonymous_15)
FNDA:0,(anonymous_16)
FNDA:0,(anonymous_17)
FNDA:0,(anonymous_18)
FNDA:0,(anonymous_19)
FNDA:0,(anonymous_20)
FNDA:0,(anonymous_21)
FNDA:0,(anonymous_22)
FNDA:0,(anonymous_23)
DA:6,0
DA:12,0
DA:14,0
DA:21,0
DA:22,0
DA:23,0
DA:24,0
DA:25,0
DA:27,0
DA:32,0
DA:34,0
DA:41,0
DA:42,0
DA:49,0
DA:58,0
DA:59,0
DA:66,0
DA:75,0
DA:76,0
DA:85,0
DA:86,0
DA:95,0
DA:96,0
DA:105,0
DA:106,0
DA:107,0
DA:109,0
DA:110,0
DA:111,0
DA:116,0
DA:117,0
DA:119,0
DA:121,0
DA:127,0
DA:130,0
DA:131,0
DA:132,0
DA:134,0
DA:139,0
DA:140,0
DA:142,0
DA:144,0
DA:146,0
DA:149,0
DA:150,0
DA:152,0
DA:153,0
DA:155,0
DA:161,0
DA:163,0
DA:165,0
DA:168,0
DA:171,0
DA:177,0
DA:178,0
DA:180,0
DA:182,0
DA:185,0
DA:187,0
DA:196,0
DA:197,0
DA:199,0
DA:201,0
DA:203,0
DA:205,0
DA:208,0
DA:211,0
DA:219,0
DA:221,0
DA:223,0
DA:230,0
DA:236,0
DA:242,0
DA:248,0
DA:254,0
DA:260,0
DA:266,0
DA:272,0
DA:278,0
DA:285,0
DA:286,0
DA:287,0
DA:288,0
DA:289,0
DA:290,0
DA:291,0
DA:292,0
DA:293,0
DA:294,0
DA:296,0
DA:298,0
DA:301,0
DA:308,0
DA:309,0
DA:310,0
DA:312,0
DA:314,0
DA:335,0
DA:341,0
DA:370,0
DA:371,0
DA:372,0
DA:373,0
DA:375,0
DA:377,0
DA:381,0
DA:411,0
DA:413,0
DA:415,0
DA:417,0
DA:421,0
DA:433,0
DA:451,0
DA:452,0
DA:453,0
DA:454,0
DA:455,0
DA:456,0
DA:458,0
DA:460,0
DA:462,0
DA:464,0
DA:466,0
DA:470,0
DA:479,0
DA:480,0
DA:481,0
DA:483,0
DA:495,0
DA:496,0
DA:497,0
DA:499,0
DA:508,0
DA:516,0
LF:134
LH:0
BRDA:131,0,0,0
BRDA:131,0,1,0
BRDA:148,1,0,0
BRDA:148,1,1,0
BRDA:148,1,2,0
BRDA:180,2,0,0
BRDA:180,2,1,0
BRDA:185,3,0,0
BRDA:185,3,1,0
BRDA:199,4,0,0
BRDA:199,4,1,0
BRDA:203,5,0,0
BRDA:203,5,1,0
BRDA:312,6,0,0
BRDA:312,6,1,0
BRDA:415,7,0,0
BRDA:415,7,1,0
BRDA:464,8,0,0
BRDA:464,8,1,0
BRDA:503,9,0,0
BRDA:503,9,1,0
BRDA:504,10,0,0
BRDA:504,10,1,0
BRDA:505,11,0,0
BRDA:505,11,1,0
BRDA:506,12,0,0
BRDA:506,12,1,0
BRF:27
BRH:0
end_of_record
TN:
SF:/Users/adrianteoh/git/SEPT/insertteamnamehere/frontend/todo-app/src/components/todo/CalendarComponent.jsx
FN:22,(anonymous_0)
FN:27,(anonymous_1)
FN:32,(anonymous_2)
FN:40,(anonymous_3)
FN:47,(anonymous_4)
FN:52,(anonymous_5)
FN:65,(anonymous_6)
FN:69,(anonymous_7)
FN:73,(anonymous_8)
FN:77,(anonymous_9)
FN:82,(anonymous_10)
FN:87,(anonymous_11)
FN:94,(anonymous_12)
FN:104,(anonymous_13)
FN:114,(anonymous_14)
FN:124,(anonymous_15)
FN:130,(anonymous_16)
FN:132,(anonymous_17)
FN:136,(anonymous_18)
FN:150,(anonymous_19)
FN:157,(anonymous_20)
FN:161,(anonymous_21)
FN:170,(anonymous_22)
FN:177,(anonymous_23)
FN:185,(anonymous_24)
FN:191,(anonymous_25)
FN:202,(anonymous_26)
FN:209,(anonymous_27)
FN:210,(anonymous_28)
FN:211,(anonymous_29)
FN:217,(anonymous_30)
FN:223,(anonymous_31)
FN:227,(anonymous_32)
FN:235,(anonymous_33)
FN:238,(anonymous_34)
FN:261,(anonymous_35)
FN:269,(anonymous_36)
FN:287,(anonymous_37)
FN:306,(anonymous_38)
FN:329,(anonymous_39)
FN:332,(anonymous_40)
FN:360,(anonymous_41)
FN:365,(anonymous_42)
FN:366,(anonymous_43)
FNF:44
FNH:0
FNDA:0,(anonymous_0)
FNDA:0,(anonymous_1)
FNDA:0,(anonymous_2)
FNDA:0,(anonymous_3)
FNDA:0,(anonymous_4)
FNDA:0,(anonymous_5)
FNDA:0,(anonymous_6)
FNDA:0,(anonymous_7)
FNDA:0,(anonymous_8)
FNDA:0,(anonymous_9)
FNDA:0,(anonymous_10)
FNDA:0,(anonymous_11)
FNDA:0,(anonymous_12)
FNDA:0,(anonymous_13)
FNDA:0,(anonymous_14)
FNDA:0,(anonymous_15)
FNDA:0,(anonymous_16)
FNDA:0,(anonymous_17)
FNDA:0,(anonymous_18)
FNDA:0,(anonymous_19)
FNDA:0,(anonymous_20)
FNDA:0,(anonymous_21)
FNDA:0,(anonymous_22)
FNDA:0,(anonymous_23)
FNDA:0,(anonymous_24)
FNDA:0,(anonymous_25)
FNDA:0,(anonymous_26)
FNDA:0,(anonymous_27)
FNDA:0,(anonymous_28)
FNDA:0,(anonymous_29)
FNDA:0,(anonymous_30)
FNDA:0,(anonymous_31)
FNDA:0,(anonymous_32)
FNDA:0,(anonymous_33)
FNDA:0,(anonymous_34)
FNDA:0,(anonymous_35)
FNDA:0,(anonymous_36)
FNDA:0,(anonymous_37)
FNDA:0,(anonymous_38)
FNDA:0,(anonymous_39)
FNDA:0,(anonymous_40)
FNDA:0,(anonymous_41)
FNDA:0,(anonymous_42)
FNDA:0,(anonymous_43)
DA:24,0
DA:29,0
DA:34,0
DA:35,0
DA:36,0
DA:37,0
DA:42,0
DA:43,0
DA:44,0
DA:49,0
DA:50,0
DA:55,0
DA:67,0
DA:71,0
DA:75,0
DA:79,0
DA:80,0
DA:84,0
DA:89,0
DA:90,0
DA:91,0
DA:96,0
DA:97,0
DA:98,0
DA:99,0
DA:106,0
DA:107,0
DA:108,0
DA:111,0
DA:116,0
DA:117,0
DA:118,0
DA:121,0
DA:126,0
DA:127,0
DA:132,0
DA:134,0
DA:136,0
DA:143,0
DA:152,0
DA:159,0
DA:161,0
DA:172,0
DA:179,0
DA:180,0
DA:181,0
DA:187,0
DA:188,0
DA:193,0
DA:195,0
DA:196,0
DA:204,0
DA:209,0
DA:210,0
DA:211,0
DA:217,0
DA:225,0
DA:229,0
DA:232,0
DA:238,0
DA:240,0
DA:245,0
DA:246,0
DA:248,0
DA:254,0
DA:256,0
DA:257,0
DA:258,0
DA:260,0
DA:262,0
DA:264,0
DA:265,0
DA:266,0
DA:269,0
DA:281,0
DA:283,0
DA:284,0
DA:285,0
DA:287,0
DA:289,0
DA:291,0
DA:294,0
DA:295,0
DA:296,0
DA:297,0
DA:299,0
DA:301,0
DA:302,0
DA:306,0
DA:308,0
DA:315,0
DA:329,0
DA:332,0
DA:361,0
DA:365,0
DA:366,0
LF:96
LH:0
BRDA:111,0,0,0
BRDA:111,0,1,0
BRDA:121,1,0,0
BRDA:121,1,1,0
BRDA:127,2,0,0
BRDA:127,2,1,0
BRDA:163,3,0,0
BRDA:163,3,1,0
BRDA:188,4,0,0
BRDA:188,4,1,0
BRDA:193,5,0,0
BRDA:193,5,1,0
BRDA:193,6,0,0
BRDA:193,6,1,0
BRDA:205,7,0,0
BRDA:205,7,1,0
BRDA:232,8,0,0
BRDA:232,8,1,0
BRDA:264,9,0,0
BRDA:264,9,1,0
BRDA:265,10,0,0
BRDA:265,10,1,0
BRDA:289,11,0,0
BRDA:289,11,1,0
BRDA:299,12,0,0
BRDA:299,12,1,0
BRF:26
BRH:0
end_of_record
TN:
SF:/Users/adrianteoh/git/SEPT/insertteamnamehere/frontend/todo-app/src/components/todo/ErrorComponent.jsx
FN:3,ErrorComponent
FNF:1
FNH:0
FNDA:0,ErrorComponent
DA:4,0
LF:1
LH:0
BRF:0
BRH:0
end_of_record
TN:
SF:/Users/adrianteoh/git/SEPT/insertteamnamehere/frontend/todo-app/src/components/todo/EventPlannerComponent.jsx
FN:8,(anonymous_0)
FN:18,(anonymous_1)
FN:23,(anonymous_2)
FN:31,(anonymous_3)
FN:38,(anonymous_4)
FN:43,(anonymous_5)
FN:66,(anonymous_6)
FN:71,(anonymous_7)
FN:88,(anonymous_8)
FN:109,(anonymous_9)
FN:114,(anonymous_10)
FN:115,(anonymous_11)
FNF:12
FNH:0
FNDA:0,(anonymous_0)
FNDA:0,(anonymous_1)
FNDA:0,(anonymous_2)
FNDA:0,(anonymous_3)
FNDA:0,(anonymous_4)
FNDA:0,(anonymous_5)
FNDA:0,(anonymous_6)
FNDA:0,(anonymous_7)
FNDA:0,(anonymous_8)
FNDA:0,(anonymous_9)
FNDA:0,(anonymous_10)
FNDA:0,(anonymous_11)
DA:10,0
DA:11,0
DA:12,0
DA:15,0
DA:20,0
DA:25,0
DA:26,0
DA:27,0
DA:28,0
DA:33,0
DA:34,0
DA:35,0
DA:40,0
DA:41,0
DA:46,0
DA:68,0
DA:73,0
DA:74,0
DA:90,0
DA:91,0
DA:110,0
DA:114,0
DA:115,0
LF:23
LH:0
BRDA:94,0,0,0
BRDA:94,0,1,0
BRF:2
BRH:0
end_of_record
TN:
SF:/Users/adrianteoh/git/SEPT/insertteamnamehere/frontend/todo-app/src/components/todo/FooterComponent.jsx
FN:4,(anonymous_0)
FNF:1
FNH:1
FNDA:1,(anonymous_0)
DA:5,1
LF:1
LH:1
BRF:0
BRH:0
end_of_record
TN:
SF:/Users/adrianteoh/git/SEPT/insertteamnamehere/frontend/todo-app/src/components/todo/HeaderComponent.jsx
FN:9,(anonymous_0)
FNF:1
FNH:1
FNDA:1,(anonymous_0)
DA:11,1
DA:14,1
LF:2
LH:2
BRDA:19,0,0,1
BRDA:19,0,1,0
BRDA:20,1,0,1
BRDA:20,1,1,0
BRDA:21,2,0,1
BRDA:21,2,1,0
BRDA:22,3,0,1
BRDA:22,3,1,0
BRDA:25,4,0,1
BRDA:25,4,1,1
BRDA:26,5,0,1
BRDA:26,5,1,0
BRF:12
BRH:7
end_of_record
TN:
SF:/Users/adrianteoh/git/SEPT/insertteamnamehere/frontend/todo-app/src/components/todo/LoginComponent.jsx
FN:8,(anonymous_0)
FN:24,(anonymous_1)
FN:47,(anonymous_2)
FN:74,(anonymous_3)
FN:82,(anonymous_4)
FN:89,(anonymous_5)
FNF:6
FNH:2
FNDA:1,(anonymous_0)
FNDA:0,(anonymous_1)
FNDA:0,(anonymous_2)
FNDA:0,(anonymous_3)
FNDA:0,(anonymous_4)
FNDA:1,(anonymous_5)
DA:10,1
DA:12,1
DA:20,1
DA:21,1
DA:27,0
DA:70,0
DA:76,0
DA:80,0
DA:84,0
DA:85,0
DA:91,1
LF:11
LH:5
BRDA:98,0,0,1
BRDA:98,0,1,0
BRDA:103,1,0,1
BRDA:103,1,1,0
BRF:4
BRH:2
end_of_record
TN:
SF:/Users/adrianteoh/git/SEPT/insertteamnamehere/frontend/todo-app/src/components/todo/LogoutComponent.jsx
FN:4,(anonymous_0)
FNF:1
FNH:1
FNDA:2,(anonymous_0)
DA:5,2
LF:1
LH:1
BRF:0
BRH:0
end_of_record
TN:
SF:/Users/adrianteoh/git/SEPT/insertteamnamehere/frontend/todo-app/src/components/todo/MarketPlacePanel.jsx
FN:6,(anonymous_0)
FN:15,(anonymous_1)
FN:22,(anonymous_2)
FN:27,(anonymous_3)
FN:34,(anonymous_4)
FN:49,(anonymous_5)
FN:54,(anonymous_6)
FNF:7
FNH:0
FNDA:0,(anonymous_0)
FNDA:0,(anonymous_1)
FNDA:0,(anonymous_2)
FNDA:0,(anonymous_3)
FNDA:0,(anonymous_4)
FNDA:0,(anonymous_5)
FNDA:0,(anonymous_6)
DA:1,0
DA:2,0
DA:8,0
DA:9,0
DA:17,0
DA:18,0
DA:19,0
DA:25,0
DA:30,0
DA:36,0
DA:50,0
DA:54,0
LF:12
LH:0
BRF:0
BRH:0
end_of_record
TN:
SF:/Users/adrianteoh/git/SEPT/insertteamnamehere/frontend/todo-app/src/components/todo/MarketplaceComponent.jsx
FN:7,(anonymous_0)
FN:16,(anonymous_1)
FN:23,(anonymous_2)
FN:27,(anonymous_3)
FN:35,(anonymous_4)
FN:53,(anonymous_5)
FNF:6
FNH:0
FNDA:0,(anonymous_0)
FNDA:0,(anonymous_1)
FNDA:0,(anonymous_2)
FNDA:0,(anonymous_3)
FNDA:0,(anonymous_4)
FNDA:0,(anonymous_5)
DA:9,0
DA:10,0
DA:18,0
DA:19,0
DA:20,0
DA:25,0
DA:30,0
DA:37,0
DA:54,0
LF:9
LH:0
BRF:0
BRH:0
end_of_record
TN:
SF:/Users/adrianteoh/git/SEPT/insertteamnamehere/frontend/todo-app/src/components/todo/PurchaseMarketPlaceItemComponent.jsx
FN:9,(anonymous_0)
FN:15,(anonymous_1)
FN:21,(anonymous_2)
FNF:3
FNH:2
FNDA:2,(anonymous_0)
FNDA:0,(anonymous_1)
FNDA:2,(anonymous_2)
DA:22,2
LF:1
LH:1
BRF:0
BRH:0
end_of_record
TN:
SF:/Users/adrianteoh/git/SEPT/insertteamnamehere/frontend/todo-app/src/components/todo/RegisterComponent.jsx
FN:7,(anonymous_0)
FNF:1
FNH:0
FNDA:0,(anonymous_0)
DA:9,0
LF:1
LH:0
BRF:0
BRH:0
end_of_record
TN:
SF:/Users/adrianteoh/git/SEPT/insertteamnamehere/frontend/todo-app/src/components/todo/TodoApp.jsx
FN:20,(anonymous_0)
FNF:1
FNH:1
FNDA:2,(anonymous_0)
DA:22,2
LF:1
LH:1
BRF:0
BRH:0
end_of_record
TN:
SF:/Users/adrianteoh/git/SEPT/insertteamnamehere/frontend/todo-app/src/components/todo/TodoComponent.jsx
FN:9,(anonymous_0)
FN:24,(anonymous_1)
FN:35,(anonymous_2)
FN:41,(anonymous_3)
FN:61,(anonymous_4)
FN:74,(anonymous_5)
FN:78,(anonymous_6)
FN:84,(anonymous_7)
FN:103,(anonymous_8)
FNF:9
FNH:0
FNDA:0,(anonymous_0)
FNDA:0,(anonymous_1)
FNDA:0,(anonymous_2)
FNDA:0,(anonymous_3)
FNDA:0,(anonymous_4)
FNDA:0,(anonymous_5)
FNDA:0,(anonymous_6)
FNDA:0,(anonymous_7)
FNDA:0,(anonymous_8)
DA:11,0
DA:13,0
DA:19,0
DA:20,0
DA:27,0
DA:29,0
DA:32,0
DA:34,0
DA:35,0
DA:43,0
DA:44,0
DA:46,0
DA:47,0
DA:49,0
DA:52,0
DA:54,0
DA:57,0
DA:63,0
DA:65,0
DA:71,0
DA:73,0
DA:74,0
DA:77,0
DA:78,0
DA:81,0
DA:87,0
DA:90,0
DA:104,0
LF:28
LH:0
BRDA:27,0,0,0
BRDA:27,0,1,0
BRDA:44,1,0,0
BRDA:44,1,1,0
BRDA:47,2,0,0
BRDA:47,2,1,0
BRDA:52,3,0,0
BRDA:52,3,1,0
BRDA:71,4,0,0
BRDA:71,4,1,0
BRF:10
BRH:0
end_of_record
TN:
SF:/Users/adrianteoh/git/SEPT/insertteamnamehere/frontend/todo-app/src/components/todo/WelcomeComponent.jsx
FN:8,(anonymous_0)
FN:19,(anonymous_1)
FN:40,(anonymous_2)
FN:49,(anonymous_3)
FN:50,(anonymous_4)
FN:53,(anonymous_5)
FN:59,(anonymous_6)
FNF:7
FNH:2
FNDA:1,(anonymous_0)
FNDA:1,(anonymous_1)
FNDA:0,(anonymous_2)
FNDA:0,(anonymous_3)
FNDA:0,(anonymous_4)
FNDA:0,(anonymous_5)
FNDA:0,(anonymous_6)
DA:10,1
DA:11,1
DA:12,1
DA:15,1
DA:16,1
DA:21,1
DA:48,0
DA:49,0
DA:50,0
DA:55,0
DA:56,0
DA:62,0
DA:64,0
DA:66,0
DA:67,0
DA:69,0
DA:71,0
DA:74,0
LF:18
LH:6
BRDA:66,0,0,0
BRDA:66,0,1,0
BRDA:69,1,0,0
BRDA:69,1,1,0
BRDA:69,2,0,0
BRDA:69,2,1,0
BRF:6
BRH:0
end_of_record
